<?xml version="1.0" encoding="UTF-8"?>
<robot generator="Robot 7.0.1 (Python 3.8.2rc2 on win32)" generated="2024-06-26T00:46:27.949005" rpa="false" schemaversion="5">
<suite id="s1" name="Tests" source="C:\Users\hp\Desktop\PhpTravels-Automation-Tests\tests">
<suite id="s1-s1" name="Suite1-register" source="C:\Users\hp\Desktop\PhpTravels-Automation-Tests\tests\Suite1-register.robot">
<test id="s1-s1-t1" name="Verify user register successfully with valid data" line="14">
<kw name="Begin Registration Test" owner="common" type="SETUP">
<kw name="Open Web Browser" owner="helpers">
<kw name="Open Browser" owner="SeleniumLibrary">
<msg time="2024-06-26T00:46:28.394006" level="INFO">Opening browser 'chrome' to base url 'https://www.phptravels.net/signup'.</msg>
<arg>${url}</arg>
<arg>${BROWSER}</arg>
<doc>Opens a new browser instance to the optional ``url``.</doc>
<status status="PASS" start="2024-06-26T00:46:28.394006" elapsed="14.724620"/>
</kw>
<kw name="Maximize Browser Window" owner="SeleniumLibrary">
<doc>Maximizes current browser window.</doc>
<status status="PASS" start="2024-06-26T00:46:43.119618" elapsed="0.124000"/>
</kw>
<arg>${registerPage}</arg>
<status status="PASS" start="2024-06-26T00:46:28.377038" elapsed="14.867581"/>
</kw>
<status status="PASS" start="2024-06-26T00:46:28.376035" elapsed="14.868584"/>
</kw>
<kw name="Input Registeration Form Fields" owner="register">
<msg time="2024-06-26T00:46:43.249631" level="FAIL">Value of variable '@{validLastName}[0]' is not list or list-like.</msg>
<arg>${validFirstName}</arg>
<arg>@{validLastName}[0]</arg>
<arg>${validMobileNumber}</arg>
<arg>${validEmail}</arg>
<arg>@{validPassword}[0]</arg>
<arg>@{validConfirmPassword}[0]</arg>
<status status="FAIL" start="2024-06-26T00:46:43.247637" elapsed="0.001994">Value of variable '@{validLastName}[0]' is not list or list-like.</status>
</kw>
<kw name="Click On Sign Up" owner="register">
<status status="NOT RUN" start="2024-06-26T00:46:43.250618" elapsed="0.000000"/>
</kw>
<kw name="Check Current URL" owner="helpers">
<arg>${loginPage}</arg>
<status status="NOT RUN" start="2024-06-26T00:46:43.251622" elapsed="0.000000"/>
</kw>
<kw name="End Registration Test" owner="common" type="TEARDOWN">
<kw name="Capture screenshot" owner="helpers">
<kw name="Run Keyword If Test Failed" owner="BuiltIn">
<kw name="Capture Page Screenshot" owner="SeleniumLibrary">
<msg time="2024-06-26T00:46:43.544620" level="INFO" html="true">&lt;/td&gt;&lt;/tr&gt;&lt;tr&gt;&lt;td colspan="3"&gt;&lt;a href="../Results/Screenshots/register/Verify%20user%20register%20successfully%20with%20valid%20data-Failed.png"&gt;&lt;img src="../Results/Screenshots/register/Verify%20user%20register%20successfully%20with%20valid%20data-Failed.png" width="800px"&gt;&lt;/a&gt;</msg>
<arg>../Results/Screenshots/${folderName}/${TEST NAME}-Failed.png</arg>
<doc>Takes a screenshot of the current page and embeds it into a log file.</doc>
<status status="PASS" start="2024-06-26T00:46:43.252616" elapsed="0.294025"/>
</kw>
<arg>Capture Page Screenshot</arg>
<arg>../Results/Screenshots/${folderName}/${TEST NAME}-Failed.png</arg>
<doc>Runs the given keyword with the given arguments, if the test failed.</doc>
<status status="PASS" start="2024-06-26T00:46:43.252616" elapsed="0.294025"/>
</kw>
<arg>register</arg>
<status status="PASS" start="2024-06-26T00:46:43.252616" elapsed="0.294025"/>
</kw>
<kw name="Close Web Browser" owner="helpers">
<kw name="Close Browser" owner="SeleniumLibrary">
<doc>Closes the current browser.</doc>
<status status="PASS" start="2024-06-26T00:46:43.548626" elapsed="2.462032"/>
</kw>
<status status="PASS" start="2024-06-26T00:46:43.547624" elapsed="2.463034"/>
</kw>
<status status="PASS" start="2024-06-26T00:46:43.251622" elapsed="2.759963"/>
</kw>
<doc>Register user with valid data</doc>
<tag>Smoke</tag>
<status status="FAIL" start="2024-06-26T00:46:28.375023" elapsed="17.636562">Value of variable '@{validLastName}[0]' is not list or list-like.</status>
</test>
<test id="s1-s1-t2" name="Verify email is unique for each user" line="21">
<kw name="Begin Registration Test" owner="common" type="SETUP">
<kw name="Open Web Browser" owner="helpers">
<kw name="Open Browser" owner="SeleniumLibrary">
<msg time="2024-06-26T00:46:46.016585" level="INFO">Opening browser 'chrome' to base url 'https://www.phptravels.net/signup'.</msg>
<arg>${url}</arg>
<arg>${BROWSER}</arg>
<doc>Opens a new browser instance to the optional ``url``.</doc>
<status status="PASS" start="2024-06-26T00:46:46.015610" elapsed="4.516703"/>
</kw>
<kw name="Maximize Browser Window" owner="SeleniumLibrary">
<doc>Maximizes current browser window.</doc>
<status status="PASS" start="2024-06-26T00:46:50.533316" elapsed="0.070019"/>
</kw>
<arg>${registerPage}</arg>
<status status="PASS" start="2024-06-26T00:46:46.015610" elapsed="4.588708"/>
</kw>
<status status="PASS" start="2024-06-26T00:46:46.014613" elapsed="4.589705"/>
</kw>
<kw name="Input Registeration Form Fields" owner="register">
<msg time="2024-06-26T00:46:50.625328" level="FAIL">Value of variable '@{validLastName}[0]' is not list or list-like.</msg>
<arg>${validFirstName}</arg>
<arg>@{validLastName}[0]</arg>
<arg>${validMobileNumber}</arg>
<arg>${validEmail}</arg>
<arg>@{validPassword}[0]</arg>
<arg>@{validConfirmPassword}[0]</arg>
<status status="FAIL" start="2024-06-26T00:46:50.623372" elapsed="0.002943">Value of variable '@{validLastName}[0]' is not list or list-like.</status>
</kw>
<kw name="Click On Sign Up" owner="register">
<status status="NOT RUN" start="2024-06-26T00:46:50.637315" elapsed="0.000000"/>
</kw>
<kw name="Check error message" owner="helpers">
<arg>${existedEmailError}</arg>
<status status="NOT RUN" start="2024-06-26T00:46:50.637315" elapsed="0.001012"/>
</kw>
<kw name="End Registration Test" owner="common" type="TEARDOWN">
<kw name="Capture screenshot" owner="helpers">
<kw name="Run Keyword If Test Failed" owner="BuiltIn">
<kw name="Capture Page Screenshot" owner="SeleniumLibrary">
<msg time="2024-06-26T00:46:50.922313" level="INFO" html="true">&lt;/td&gt;&lt;/tr&gt;&lt;tr&gt;&lt;td colspan="3"&gt;&lt;a href="../Results/Screenshots/register/Verify%20email%20is%20unique%20for%20each%20user-Failed.png"&gt;&lt;img src="../Results/Screenshots/register/Verify%20email%20is%20unique%20for%20each%20user-Failed.png" width="800px"&gt;&lt;/a&gt;</msg>
<arg>../Results/Screenshots/${folderName}/${TEST NAME}-Failed.png</arg>
<doc>Takes a screenshot of the current page and embeds it into a log file.</doc>
<status status="PASS" start="2024-06-26T00:46:50.642319" elapsed="0.279994"/>
</kw>
<arg>Capture Page Screenshot</arg>
<arg>../Results/Screenshots/${folderName}/${TEST NAME}-Failed.png</arg>
<doc>Runs the given keyword with the given arguments, if the test failed.</doc>
<status status="PASS" start="2024-06-26T00:46:50.640314" elapsed="0.281999"/>
</kw>
<arg>register</arg>
<status status="PASS" start="2024-06-26T00:46:50.640314" elapsed="0.282999"/>
</kw>
<kw name="Close Web Browser" owner="helpers">
<kw name="Close Browser" owner="SeleniumLibrary">
<doc>Closes the current browser.</doc>
<status status="PASS" start="2024-06-26T00:46:50.923313" elapsed="2.278293"/>
</kw>
<status status="PASS" start="2024-06-26T00:46:50.923313" elapsed="2.278293"/>
</kw>
<status status="PASS" start="2024-06-26T00:46:50.639315" elapsed="2.562291"/>
</kw>
<doc>Register with an existing email address</doc>
<status status="FAIL" start="2024-06-26T00:46:46.014613" elapsed="7.187994">Value of variable '@{validLastName}[0]' is not list or list-like.</status>
</test>
<test id="s1-s1-t3" name="Verify allowing only Gmail email addresses" line="27">
<kw name="Begin Registration Test" owner="common" type="SETUP">
<kw name="Open Web Browser" owner="helpers">
<kw name="Open Browser" owner="SeleniumLibrary">
<msg time="2024-06-26T00:46:53.205605" level="INFO">Opening browser 'chrome' to base url 'https://www.phptravels.net/signup'.</msg>
<arg>${url}</arg>
<arg>${BROWSER}</arg>
<doc>Opens a new browser instance to the optional ``url``.</doc>
<status status="PASS" start="2024-06-26T00:46:53.205605" elapsed="2.734086"/>
</kw>
<kw name="Maximize Browser Window" owner="SeleniumLibrary">
<doc>Maximizes current browser window.</doc>
<status status="PASS" start="2024-06-26T00:46:55.940690" elapsed="1.661586"/>
</kw>
<arg>${registerPage}</arg>
<status status="PASS" start="2024-06-26T00:46:53.204607" elapsed="4.397669"/>
</kw>
<status status="PASS" start="2024-06-26T00:46:53.204607" elapsed="4.397669"/>
</kw>
<kw name="Input Registeration Form Fields" owner="register">
<msg time="2024-06-26T00:46:57.612276" level="FAIL">Value of variable '@{validLastName}[0]' is not list or list-like.</msg>
<arg>${validFirstName}</arg>
<arg>@{validLastName}[0]</arg>
<arg>${validMobileNumber}</arg>
<arg>@{nonGmail}[0]</arg>
<arg>@{validPassword}[0]</arg>
<arg>@{validConfirmPassword}[0]</arg>
<status status="FAIL" start="2024-06-26T00:46:57.611276" elapsed="0.001000">Value of variable '@{validLastName}[0]' is not list or list-like.</status>
</kw>
<kw name="Click On Sign Up" owner="register">
<status status="NOT RUN" start="2024-06-26T00:46:57.613276" elapsed="0.000000"/>
</kw>
<kw name="Check error message" owner="helpers">
<arg>${nonGmailError}</arg>
<status status="NOT RUN" start="2024-06-26T00:46:57.613276" elapsed="0.000000"/>
</kw>
<kw name="Change Field Value" owner="helpers">
<arg>${emailField}</arg>
<arg>@{nonGmail}[1]</arg>
<status status="NOT RUN" start="2024-06-26T00:46:57.614286" elapsed="0.000000"/>
</kw>
<kw name="Click On Sign Up" owner="register">
<status status="NOT RUN" start="2024-06-26T00:46:57.614286" elapsed="0.000000"/>
</kw>
<kw name="Check error message" owner="helpers">
<arg>${nonGmailError}</arg>
<status status="NOT RUN" start="2024-06-26T00:46:57.615274" elapsed="0.000000"/>
</kw>
<kw name="End Registration Test" owner="common" type="TEARDOWN">
<kw name="Capture screenshot" owner="helpers">
<kw name="Run Keyword If Test Failed" owner="BuiltIn">
<kw name="Capture Page Screenshot" owner="SeleniumLibrary">
<msg time="2024-06-26T00:46:57.795275" level="INFO" html="true">&lt;/td&gt;&lt;/tr&gt;&lt;tr&gt;&lt;td colspan="3"&gt;&lt;a href="../Results/Screenshots/register/Verify%20allowing%20only%20Gmail%20email%20addresses-Failed.png"&gt;&lt;img src="../Results/Screenshots/register/Verify%20allowing%20only%20Gmail%20email%20addresses-Failed.png" width="800px"&gt;&lt;/a&gt;</msg>
<arg>../Results/Screenshots/${folderName}/${TEST NAME}-Failed.png</arg>
<doc>Takes a screenshot of the current page and embeds it into a log file.</doc>
<status status="PASS" start="2024-06-26T00:46:57.617275" elapsed="0.178000"/>
</kw>
<arg>Capture Page Screenshot</arg>
<arg>../Results/Screenshots/${folderName}/${TEST NAME}-Failed.png</arg>
<doc>Runs the given keyword with the given arguments, if the test failed.</doc>
<status status="PASS" start="2024-06-26T00:46:57.617275" elapsed="0.178000"/>
</kw>
<arg>register</arg>
<status status="PASS" start="2024-06-26T00:46:57.616276" elapsed="0.178999"/>
</kw>
<kw name="Close Web Browser" owner="helpers">
<kw name="Close Browser" owner="SeleniumLibrary">
<doc>Closes the current browser.</doc>
<status status="PASS" start="2024-06-26T00:46:57.796275" elapsed="2.537213"/>
</kw>
<status status="PASS" start="2024-06-26T00:46:57.795275" elapsed="2.538213"/>
</kw>
<status status="PASS" start="2024-06-26T00:46:57.616276" elapsed="2.717212"/>
</kw>
<doc>Register with a non Gmail email address</doc>
<status status="FAIL" start="2024-06-26T00:46:53.203607" elapsed="7.130879">Value of variable '@{validLastName}[0]' is not list or list-like.</status>
</test>
<test id="s1-s1-t4" name="Verify not accepting invalid email address formats" line="37">
<kw name="Begin Registration Test" owner="common" type="SETUP">
<kw name="Open Web Browser" owner="helpers">
<kw name="Open Browser" owner="SeleniumLibrary">
<msg time="2024-06-26T00:47:00.338518" level="INFO">Opening browser 'chrome' to base url 'https://www.phptravels.net/signup'.</msg>
<arg>${url}</arg>
<arg>${BROWSER}</arg>
<doc>Opens a new browser instance to the optional ``url``.</doc>
<status status="PASS" start="2024-06-26T00:47:00.337487" elapsed="5.199739"/>
</kw>
<kw name="Maximize Browser Window" owner="SeleniumLibrary">
<doc>Maximizes current browser window.</doc>
<status status="PASS" start="2024-06-26T00:47:05.537226" elapsed="0.203000"/>
</kw>
<arg>${registerPage}</arg>
<status status="PASS" start="2024-06-26T00:47:00.337487" elapsed="5.402739"/>
</kw>
<status status="PASS" start="2024-06-26T00:47:00.336485" elapsed="5.403741"/>
</kw>
<kw name="Input Registeration Form Fields" owner="register">
<msg time="2024-06-26T00:47:05.743262" level="FAIL">Value of variable '@{validLastName}[0]' is not list or list-like.</msg>
<arg>${validFirstName}</arg>
<arg>@{validLastName}[0]</arg>
<arg>${validMobileNumber}</arg>
<arg>@{invalidEmail}[1]</arg>
<arg>@{validPassword}[0]</arg>
<arg>@{validConfirmPassword}[0]</arg>
<status status="FAIL" start="2024-06-26T00:47:05.741225" elapsed="0.003000">Value of variable '@{validLastName}[0]' is not list or list-like.</status>
</kw>
<kw name="Click On Sign Up" owner="register">
<status status="NOT RUN" start="2024-06-26T00:47:05.745224" elapsed="0.000000"/>
</kw>
<kw name="Check error message" owner="helpers">
<arg>${invalidMailError}</arg>
<status status="NOT RUN" start="2024-06-26T00:47:05.745224" elapsed="0.000000"/>
</kw>
<kw name="Change Field Value" owner="helpers">
<arg>${emailField}</arg>
<arg>@{invalidEmail}[2]</arg>
<status status="NOT RUN" start="2024-06-26T00:47:05.746225" elapsed="0.000000"/>
</kw>
<kw name="Click On Sign Up" owner="register">
<status status="NOT RUN" start="2024-06-26T00:47:05.747225" elapsed="0.000000"/>
</kw>
<kw name="Check error message" owner="helpers">
<arg>${invalidMailError}</arg>
<status status="NOT RUN" start="2024-06-26T00:47:05.748225" elapsed="0.000000"/>
</kw>
<kw name="Change Field Value" owner="helpers">
<arg>${emailField}</arg>
<arg>@{invalidEmail}[3]</arg>
<status status="NOT RUN" start="2024-06-26T00:47:05.748225" elapsed="0.000000"/>
</kw>
<kw name="Click On Sign Up" owner="register">
<status status="NOT RUN" start="2024-06-26T00:47:05.749228" elapsed="0.000000"/>
</kw>
<kw name="Check error message" owner="helpers">
<arg>${invalidMailError}</arg>
<status status="NOT RUN" start="2024-06-26T00:47:05.753232" elapsed="0.001009"/>
</kw>
<kw name="Change Field Value" owner="helpers">
<arg>${emailField}</arg>
<arg>@{invalidEmail}[4]</arg>
<status status="NOT RUN" start="2024-06-26T00:47:05.755227" elapsed="0.000000"/>
</kw>
<kw name="Click On Sign Up" owner="register">
<status status="NOT RUN" start="2024-06-26T00:47:05.756224" elapsed="0.000000"/>
</kw>
<kw name="Check error message" owner="helpers">
<arg>${invalidMailError}</arg>
<status status="NOT RUN" start="2024-06-26T00:47:05.757233" elapsed="0.000992"/>
</kw>
<kw name="Change Field Value" owner="helpers">
<arg>${emailField}</arg>
<arg>@{invalidEmail}[5]</arg>
<status status="NOT RUN" start="2024-06-26T00:47:05.759225" elapsed="0.000000"/>
</kw>
<kw name="Click On Sign Up" owner="register">
<status status="NOT RUN" start="2024-06-26T00:47:05.760225" elapsed="0.000000"/>
</kw>
<kw name="Check error message" owner="helpers">
<arg>${invalidMailError}</arg>
<status status="NOT RUN" start="2024-06-26T00:47:05.760225" elapsed="0.000000"/>
</kw>
<kw name="Change Field Value" owner="helpers">
<arg>${emailField}</arg>
<arg>@{invalidEmail}[6]</arg>
<status status="NOT RUN" start="2024-06-26T00:47:05.761225" elapsed="0.000000"/>
</kw>
<kw name="Click On Sign Up" owner="register">
<status status="NOT RUN" start="2024-06-26T00:47:05.762226" elapsed="0.000000"/>
</kw>
<kw name="Check error message" owner="helpers">
<arg>${invalidMailError}</arg>
<status status="NOT RUN" start="2024-06-26T00:47:05.762226" elapsed="0.000000"/>
</kw>
<kw name="Change Field Value" owner="helpers">
<arg>${emailField}</arg>
<arg>@{invalidEmail}[7]</arg>
<status status="NOT RUN" start="2024-06-26T00:47:05.766229" elapsed="0.000000"/>
</kw>
<kw name="Click On Sign Up" owner="register">
<status status="NOT RUN" start="2024-06-26T00:47:05.766229" elapsed="0.000995"/>
</kw>
<kw name="Check error message" owner="helpers">
<arg>${invalidMailError}</arg>
<status status="NOT RUN" start="2024-06-26T00:47:05.770243" elapsed="0.000983"/>
</kw>
<kw name="Change Field Value" owner="helpers">
<arg>${emailField}</arg>
<arg>@{invalidEmail}[8]</arg>
<status status="NOT RUN" start="2024-06-26T00:47:05.778224" elapsed="0.000000"/>
</kw>
<kw name="Click On Sign Up" owner="register">
<status status="NOT RUN" start="2024-06-26T00:47:05.780225" elapsed="0.000000"/>
</kw>
<kw name="Check error message" owner="helpers">
<arg>${invalidMailError}</arg>
<status status="NOT RUN" start="2024-06-26T00:47:05.792250" elapsed="0.000000"/>
</kw>
<kw name="Change Field Value" owner="helpers">
<arg>${emailField}</arg>
<arg>@{invalidEmail}[9]</arg>
<status status="NOT RUN" start="2024-06-26T00:47:05.793226" elapsed="0.000999"/>
</kw>
<kw name="Click On Sign Up" owner="register">
<status status="NOT RUN" start="2024-06-26T00:47:05.796225" elapsed="0.000000"/>
</kw>
<kw name="Check error message" owner="helpers">
<arg>${invalidMailError}</arg>
<status status="NOT RUN" start="2024-06-26T00:47:05.798227" elapsed="0.000000"/>
</kw>
<kw name="End Registration Test" owner="common" type="TEARDOWN">
<kw name="Capture screenshot" owner="helpers">
<kw name="Run Keyword If Test Failed" owner="BuiltIn">
<kw name="Capture Page Screenshot" owner="SeleniumLibrary">
<msg time="2024-06-26T00:47:06.017224" level="INFO" html="true">&lt;/td&gt;&lt;/tr&gt;&lt;tr&gt;&lt;td colspan="3"&gt;&lt;a href="../Results/Screenshots/register/Verify%20not%20accepting%20invalid%20email%20address%20formats-Failed.png"&gt;&lt;img src="../Results/Screenshots/register/Verify%20not%20accepting%20invalid%20email%20address%20formats-Failed.png" width="800px"&gt;&lt;/a&gt;</msg>
<arg>../Results/Screenshots/${folderName}/${TEST NAME}-Failed.png</arg>
<doc>Takes a screenshot of the current page and embeds it into a log file.</doc>
<status status="PASS" start="2024-06-26T00:47:05.804226" elapsed="0.214001"/>
</kw>
<arg>Capture Page Screenshot</arg>
<arg>../Results/Screenshots/${folderName}/${TEST NAME}-Failed.png</arg>
<doc>Runs the given keyword with the given arguments, if the test failed.</doc>
<status status="PASS" start="2024-06-26T00:47:05.803225" elapsed="0.215002"/>
</kw>
<arg>register</arg>
<status status="PASS" start="2024-06-26T00:47:05.800223" elapsed="0.218004"/>
</kw>
<kw name="Close Web Browser" owner="helpers">
<kw name="Close Browser" owner="SeleniumLibrary">
<doc>Closes the current browser.</doc>
<status status="PASS" start="2024-06-26T00:47:06.020234" elapsed="2.254828"/>
</kw>
<status status="PASS" start="2024-06-26T00:47:06.019227" elapsed="2.255835"/>
</kw>
<status status="PASS" start="2024-06-26T00:47:05.799223" elapsed="2.476841"/>
</kw>
<doc>Register with invalid format for email address</doc>
<status status="FAIL" start="2024-06-26T00:47:00.335484" elapsed="7.940580">Value of variable '@{validLastName}[0]' is not list or list-like.</status>
</test>
<test id="s1-s1-t5" name="Verify not accepting special characters in email format before domain name" line="75">
<kw name="Begin Registration Test" owner="common" type="SETUP">
<kw name="Open Web Browser" owner="helpers">
<kw name="Open Browser" owner="SeleniumLibrary">
<msg time="2024-06-26T00:47:08.280098" level="INFO">Opening browser 'chrome' to base url 'https://www.phptravels.net/signup'.</msg>
<arg>${url}</arg>
<arg>${BROWSER}</arg>
<doc>Opens a new browser instance to the optional ``url``.</doc>
<status status="PASS" start="2024-06-26T00:47:08.280098" elapsed="4.385690"/>
</kw>
<kw name="Maximize Browser Window" owner="SeleniumLibrary">
<doc>Maximizes current browser window.</doc>
<status status="PASS" start="2024-06-26T00:47:12.666836" elapsed="0.138978"/>
</kw>
<arg>${registerPage}</arg>
<status status="PASS" start="2024-06-26T00:47:08.280098" elapsed="4.525716"/>
</kw>
<status status="PASS" start="2024-06-26T00:47:08.279062" elapsed="4.526752"/>
</kw>
<kw name="Generate Invalid Test Email" owner="helpers">
<kw name="Split String" owner="String">
<msg time="2024-06-26T00:47:12.808812" level="INFO">@{words} = [ test | gmail.com ]</msg>
<var>@{words}</var>
<arg>${GMAIL}</arg>
<arg>@</arg>
<doc>Splits the ``string`` using ``separator`` as a delimiter string.</doc>
<status status="PASS" start="2024-06-26T00:47:12.807823" elapsed="0.000989"/>
</kw>
<kw name="Generate Random String" owner="String">
<msg time="2024-06-26T00:47:12.808812" level="INFO">${specialChars} = $$*!#</msg>
<var>${specialChars}</var>
<arg>5</arg>
<arg>$&amp;*%^!#</arg>
<doc>Generates a string with a desired ``length`` from the given ``chars``.</doc>
<status status="PASS" start="2024-06-26T00:47:12.808812" elapsed="0.001001"/>
</kw>
<kw name="Set Variable" owner="BuiltIn">
<msg time="2024-06-26T00:47:12.809813" level="FAIL">Value of variable '@{words}[0]' is not list or list-like.</msg>
<var>${email}</var>
<arg>@{words}[0]${specialChars}@gmail.com</arg>
<doc>Returns the given values which can then be assigned to a variables.</doc>
<status status="FAIL" start="2024-06-26T00:47:12.809813" elapsed="0.000000">Value of variable '@{words}[0]' is not list or list-like.</status>
</kw>
<return>
<value>${email}</value>
<status status="NOT RUN" start="2024-06-26T00:47:12.809813" elapsed="0.000000"/>
</return>
<var>${invalidEmail}</var>
<status status="FAIL" start="2024-06-26T00:47:12.806812" elapsed="0.004005">Value of variable '@{words}[0]' is not list or list-like.</status>
</kw>
<kw name="Input Registeration Form Fields" owner="register">
<arg>${validFirstName}</arg>
<arg>@{validLastName}[0]</arg>
<arg>${validMobileNumber}</arg>
<arg>${invalidEmail}</arg>
<arg>@{validPassword}[0]</arg>
<arg>@{validConfirmPassword}[0]</arg>
<status status="NOT RUN" start="2024-06-26T00:47:12.811813" elapsed="0.000000"/>
</kw>
<kw name="Click On Sign Up" owner="register">
<status status="NOT RUN" start="2024-06-26T00:47:12.812814" elapsed="0.000000"/>
</kw>
<kw name="Check error message" owner="helpers">
<arg>${invalidMailError}</arg>
<status status="NOT RUN" start="2024-06-26T00:47:12.813812" elapsed="0.000000"/>
</kw>
<kw name="End Registration Test" owner="common" type="TEARDOWN">
<kw name="Capture screenshot" owner="helpers">
<kw name="Run Keyword If Test Failed" owner="BuiltIn">
<kw name="Capture Page Screenshot" owner="SeleniumLibrary">
<msg time="2024-06-26T00:47:13.063810" level="INFO" html="true">&lt;/td&gt;&lt;/tr&gt;&lt;tr&gt;&lt;td colspan="3"&gt;&lt;a href="../Results/Screenshots/register/Verify%20not%20accepting%20special%20characters%20in%20email%20format%20before%20domain%20name-Failed.png"&gt;&lt;img src="../Results/Screenshots/register/Verify%20not%20accepting%20special%20characters%20in%20email%20format%20before%20domain%20name-Failed.png" width="800px"&gt;&lt;/a&gt;</msg>
<arg>../Results/Screenshots/${folderName}/${TEST NAME}-Failed.png</arg>
<doc>Takes a screenshot of the current page and embeds it into a log file.</doc>
<status status="PASS" start="2024-06-26T00:47:12.819812" elapsed="0.243998"/>
</kw>
<arg>Capture Page Screenshot</arg>
<arg>../Results/Screenshots/${folderName}/${TEST NAME}-Failed.png</arg>
<doc>Runs the given keyword with the given arguments, if the test failed.</doc>
<status status="PASS" start="2024-06-26T00:47:12.818811" elapsed="0.244999"/>
</kw>
<arg>register</arg>
<status status="PASS" start="2024-06-26T00:47:12.817811" elapsed="0.245999"/>
</kw>
<kw name="Close Web Browser" owner="helpers">
<kw name="Close Browser" owner="SeleniumLibrary">
<doc>Closes the current browser.</doc>
<status status="PASS" start="2024-06-26T00:47:13.064813" elapsed="2.238853"/>
</kw>
<status status="PASS" start="2024-06-26T00:47:13.064813" elapsed="2.238853"/>
</kw>
<status status="PASS" start="2024-06-26T00:47:12.816818" elapsed="2.486848"/>
</kw>
<doc>Register with invalid email with special characters before domain name</doc>
<status status="FAIL" start="2024-06-26T00:47:08.278105" elapsed="7.026554">Value of variable '@{words}[0]' is not list or list-like.</status>
</test>
<test id="s1-s1-t6" name="Verify not accepting invalid first name field value" line="82">
<kw name="Begin Registration Test" owner="common" type="SETUP">
<kw name="Open Web Browser" owner="helpers">
<kw name="Open Browser" owner="SeleniumLibrary">
<msg time="2024-06-26T00:47:15.308647" level="INFO">Opening browser 'chrome' to base url 'https://www.phptravels.net/signup'.</msg>
<arg>${url}</arg>
<arg>${BROWSER}</arg>
<doc>Opens a new browser instance to the optional ``url``.</doc>
<status status="PASS" start="2024-06-26T00:47:15.308647" elapsed="5.653197"/>
</kw>
<kw name="Maximize Browser Window" owner="SeleniumLibrary">
<doc>Maximizes current browser window.</doc>
<status status="PASS" start="2024-06-26T00:47:20.962843" elapsed="0.194002"/>
</kw>
<arg>${registerPage}</arg>
<status status="PASS" start="2024-06-26T00:47:15.307648" elapsed="5.849197"/>
</kw>
<status status="PASS" start="2024-06-26T00:47:15.306648" elapsed="5.850197"/>
</kw>
<kw name="Generate Valid Test Email" owner="helpers">
<kw name="Split String" owner="String">
<msg time="2024-06-26T00:47:21.174844" level="INFO">@{words} = [ test | gmail.com ]</msg>
<var>@{words}</var>
<arg>${GMAIL}</arg>
<arg>@</arg>
<doc>Splits the ``string`` using ``separator`` as a delimiter string.</doc>
<status status="PASS" start="2024-06-26T00:47:21.174844" elapsed="0.000000"/>
</kw>
<kw name="Set Variable" owner="BuiltIn">
<msg time="2024-06-26T00:47:21.175844" level="FAIL">Value of variable '@{words}[0]' is not list or list-like.</msg>
<var>${test}</var>
<arg>@{words}[0]+${counter}@@{words}[1]</arg>
<doc>Returns the given values which can then be assigned to a variables.</doc>
<status status="FAIL" start="2024-06-26T00:47:21.175844" elapsed="0.000000">Value of variable '@{words}[0]' is not list or list-like.</status>
</kw>
<return>
<value>${test}</value>
<status status="NOT RUN" start="2024-06-26T00:47:21.175844" elapsed="0.000000"/>
</return>
<var>${validEmailValue}</var>
<arg>1</arg>
<status status="FAIL" start="2024-06-26T00:47:21.173844" elapsed="0.002000">Value of variable '@{words}[0]' is not list or list-like.</status>
</kw>
<kw name="Input Registeration Form Fields" owner="register">
<arg>@{invalidFirstName}[1]</arg>
<arg>@{validlastName}[0]</arg>
<arg>${validMobileNumber}</arg>
<arg>${validEmailValue}</arg>
<arg>@{validPassword}[0]</arg>
<arg>@{validConfirmPassword}[0]</arg>
<status status="NOT RUN" start="2024-06-26T00:47:21.202842" elapsed="0.000000"/>
</kw>
<kw name="Click On Sign Up" owner="register">
<status status="NOT RUN" start="2024-06-26T00:47:21.209840" elapsed="0.000000"/>
</kw>
<kw name="Check error message" owner="helpers">
<arg>${invalidFirstNameError}</arg>
<status status="NOT RUN" start="2024-06-26T00:47:21.211842" elapsed="0.000000"/>
</kw>
<kw name="Change Field Value" owner="helpers">
<arg>${firstNameField}</arg>
<arg>@{invalidFirstName}[2]</arg>
<status status="NOT RUN" start="2024-06-26T00:47:21.215845" elapsed="0.000000"/>
</kw>
<kw name="Click On Sign Up" owner="register">
<status status="NOT RUN" start="2024-06-26T00:47:21.215845" elapsed="0.000000"/>
</kw>
<kw name="Check error message" owner="helpers">
<arg>${invalidFirstNameError}</arg>
<status status="NOT RUN" start="2024-06-26T00:47:21.216842" elapsed="0.000000"/>
</kw>
<kw name="Change Field Value" owner="helpers">
<arg>${firstNameField}</arg>
<arg>@{invalidFirstName}[3]</arg>
<status status="NOT RUN" start="2024-06-26T00:47:21.216842" elapsed="0.000000"/>
</kw>
<kw name="Click On Sign Up" owner="register">
<status status="NOT RUN" start="2024-06-26T00:47:21.217840" elapsed="0.000000"/>
</kw>
<kw name="Check error message" owner="helpers">
<arg>${invalidFirstNameError}</arg>
<status status="NOT RUN" start="2024-06-26T00:47:21.218841" elapsed="0.000000"/>
</kw>
<kw name="Change Field Value" owner="helpers">
<arg>${firstNameField}</arg>
<arg>@{invalidFirstName}[4]</arg>
<status status="NOT RUN" start="2024-06-26T00:47:21.218841" elapsed="0.000000"/>
</kw>
<kw name="Click On Sign Up" owner="register">
<status status="NOT RUN" start="2024-06-26T00:47:21.219840" elapsed="0.000000"/>
</kw>
<kw name="Check error message" owner="helpers">
<arg>${invalidFirstNameError}</arg>
<status status="NOT RUN" start="2024-06-26T00:47:21.219840" elapsed="0.000000"/>
</kw>
<kw name="End Registration Test" owner="common" type="TEARDOWN">
<kw name="Capture screenshot" owner="helpers">
<kw name="Run Keyword If Test Failed" owner="BuiltIn">
<kw name="Capture Page Screenshot" owner="SeleniumLibrary">
<msg time="2024-06-26T00:47:21.405352" level="INFO" html="true">&lt;/td&gt;&lt;/tr&gt;&lt;tr&gt;&lt;td colspan="3"&gt;&lt;a href="../Results/Screenshots/register/Verify%20not%20accepting%20invalid%20first%20name%20field%20value-Failed.png"&gt;&lt;img src="../Results/Screenshots/register/Verify%20not%20accepting%20invalid%20first%20name%20field%20value-Failed.png" width="800px"&gt;&lt;/a&gt;</msg>
<arg>../Results/Screenshots/${folderName}/${TEST NAME}-Failed.png</arg>
<doc>Takes a screenshot of the current page and embeds it into a log file.</doc>
<status status="PASS" start="2024-06-26T00:47:21.222842" elapsed="0.183512"/>
</kw>
<arg>Capture Page Screenshot</arg>
<arg>../Results/Screenshots/${folderName}/${TEST NAME}-Failed.png</arg>
<doc>Runs the given keyword with the given arguments, if the test failed.</doc>
<status status="PASS" start="2024-06-26T00:47:21.221844" elapsed="0.184510"/>
</kw>
<arg>register</arg>
<status status="PASS" start="2024-06-26T00:47:21.221844" elapsed="0.184510"/>
</kw>
<kw name="Close Web Browser" owner="helpers">
<kw name="Close Browser" owner="SeleniumLibrary">
<doc>Closes the current browser.</doc>
<status status="PASS" start="2024-06-26T00:47:21.407355" elapsed="2.195028"/>
</kw>
<status status="PASS" start="2024-06-26T00:47:21.406354" elapsed="2.196029"/>
</kw>
<status status="PASS" start="2024-06-26T00:47:21.220843" elapsed="2.381540"/>
</kw>
<doc>Register with invalid first name field</doc>
<status status="FAIL" start="2024-06-26T00:47:15.305649" elapsed="8.297598">Value of variable '@{words}[0]' is not list or list-like.</status>
</test>
<test id="s1-s1-t7" name="Verify not accepting invalid last name field value" line="101">
<kw name="Begin Registration Test" owner="common" type="SETUP">
<kw name="Open Web Browser" owner="helpers">
<kw name="Open Browser" owner="SeleniumLibrary">
<msg time="2024-06-26T00:47:23.607245" level="INFO">Opening browser 'chrome' to base url 'https://www.phptravels.net/signup'.</msg>
<arg>${url}</arg>
<arg>${BROWSER}</arg>
<doc>Opens a new browser instance to the optional ``url``.</doc>
<status status="PASS" start="2024-06-26T00:47:23.607245" elapsed="3.088790"/>
</kw>
<kw name="Maximize Browser Window" owner="SeleniumLibrary">
<doc>Maximizes current browser window.</doc>
<status status="PASS" start="2024-06-26T00:47:26.697036" elapsed="1.694710"/>
</kw>
<arg>${registerPage}</arg>
<status status="PASS" start="2024-06-26T00:47:23.606302" elapsed="4.786438"/>
</kw>
<status status="PASS" start="2024-06-26T00:47:23.606302" elapsed="4.786438"/>
</kw>
<kw name="Generate Valid Test Email" owner="helpers">
<kw name="Split String" owner="String">
<msg time="2024-06-26T00:47:28.394734" level="INFO">@{words} = [ test | gmail.com ]</msg>
<var>@{words}</var>
<arg>${GMAIL}</arg>
<arg>@</arg>
<doc>Splits the ``string`` using ``separator`` as a delimiter string.</doc>
<status status="PASS" start="2024-06-26T00:47:28.394734" elapsed="0.000000"/>
</kw>
<kw name="Set Variable" owner="BuiltIn">
<msg time="2024-06-26T00:47:28.395730" level="FAIL">Value of variable '@{words}[0]' is not list or list-like.</msg>
<var>${test}</var>
<arg>@{words}[0]+${counter}@@{words}[1]</arg>
<doc>Returns the given values which can then be assigned to a variables.</doc>
<status status="FAIL" start="2024-06-26T00:47:28.394734" elapsed="0.000996">Value of variable '@{words}[0]' is not list or list-like.</status>
</kw>
<return>
<value>${test}</value>
<status status="NOT RUN" start="2024-06-26T00:47:28.395730" elapsed="0.000000"/>
</return>
<var>${validEmailValue}</var>
<arg>2</arg>
<status status="FAIL" start="2024-06-26T00:47:28.393732" elapsed="0.001998">Value of variable '@{words}[0]' is not list or list-like.</status>
</kw>
<kw name="Input Registeration Form Fields" owner="register">
<arg>${validFirstName}</arg>
<arg>@{invalidLastName}[1]</arg>
<arg>${validMobileNumber}</arg>
<arg>${validEmailValue}</arg>
<arg>@{validPassword}[0]</arg>
<arg>@{validConfirmPassword}[0]</arg>
<status status="NOT RUN" start="2024-06-26T00:47:28.396732" elapsed="0.000000"/>
</kw>
<kw name="Click On Sign Up" owner="register">
<status status="NOT RUN" start="2024-06-26T00:47:28.397732" elapsed="0.000000"/>
</kw>
<kw name="Check error message" owner="helpers">
<arg>${invalidLastNameError}</arg>
<status status="NOT RUN" start="2024-06-26T00:47:28.397732" elapsed="0.000000"/>
</kw>
<kw name="Change Field Value" owner="helpers">
<arg>${lastNameField}</arg>
<arg>@{invalidLastName}[2]</arg>
<status status="NOT RUN" start="2024-06-26T00:47:28.398732" elapsed="0.000000"/>
</kw>
<kw name="Click On Sign Up" owner="register">
<status status="NOT RUN" start="2024-06-26T00:47:28.398732" elapsed="0.000000"/>
</kw>
<kw name="Check error message" owner="helpers">
<arg>${invalidLastNameError}</arg>
<status status="NOT RUN" start="2024-06-26T00:47:28.399731" elapsed="0.000000"/>
</kw>
<kw name="Change Field Value" owner="helpers">
<arg>${lastNameField}</arg>
<arg>@{invalidLastName}[3]</arg>
<status status="NOT RUN" start="2024-06-26T00:47:28.400731" elapsed="0.000000"/>
</kw>
<kw name="Click On Sign Up" owner="register">
<status status="NOT RUN" start="2024-06-26T00:47:28.400731" elapsed="0.000000"/>
</kw>
<kw name="Check error message" owner="helpers">
<arg>${invalidLastNameError}</arg>
<status status="NOT RUN" start="2024-06-26T00:47:28.401731" elapsed="0.000000"/>
</kw>
<kw name="Change Field Value" owner="helpers">
<arg>${lastNameField}</arg>
<arg>@{invalidLastName}[4]</arg>
<status status="NOT RUN" start="2024-06-26T00:47:28.401731" elapsed="0.000000"/>
</kw>
<kw name="Click On Sign Up" owner="register">
<status status="NOT RUN" start="2024-06-26T00:47:28.402732" elapsed="0.000000"/>
</kw>
<kw name="Check error message" owner="helpers">
<arg>${invalidLastNameError}</arg>
<status status="NOT RUN" start="2024-06-26T00:47:28.402732" elapsed="0.000000"/>
</kw>
<kw name="End Registration Test" owner="common" type="TEARDOWN">
<kw name="Capture screenshot" owner="helpers">
<kw name="Run Keyword If Test Failed" owner="BuiltIn">
<kw name="Capture Page Screenshot" owner="SeleniumLibrary">
<msg time="2024-06-26T00:47:28.554732" level="INFO" html="true">&lt;/td&gt;&lt;/tr&gt;&lt;tr&gt;&lt;td colspan="3"&gt;&lt;a href="../Results/Screenshots/register/Verify%20not%20accepting%20invalid%20last%20name%20field%20value-Failed.png"&gt;&lt;img src="../Results/Screenshots/register/Verify%20not%20accepting%20invalid%20last%20name%20field%20value-Failed.png" width="800px"&gt;&lt;/a&gt;</msg>
<arg>../Results/Screenshots/${folderName}/${TEST NAME}-Failed.png</arg>
<doc>Takes a screenshot of the current page and embeds it into a log file.</doc>
<status status="PASS" start="2024-06-26T00:47:28.404729" elapsed="0.151002"/>
</kw>
<arg>Capture Page Screenshot</arg>
<arg>../Results/Screenshots/${folderName}/${TEST NAME}-Failed.png</arg>
<doc>Runs the given keyword with the given arguments, if the test failed.</doc>
<status status="PASS" start="2024-06-26T00:47:28.404729" elapsed="0.151002"/>
</kw>
<arg>register</arg>
<status status="PASS" start="2024-06-26T00:47:28.403729" elapsed="0.152002"/>
</kw>
<kw name="Close Web Browser" owner="helpers">
<kw name="Close Browser" owner="SeleniumLibrary">
<doc>Closes the current browser.</doc>
<status status="PASS" start="2024-06-26T00:47:28.556731" elapsed="3.296999"/>
</kw>
<status status="PASS" start="2024-06-26T00:47:28.555731" elapsed="3.299001"/>
</kw>
<status status="PASS" start="2024-06-26T00:47:28.403729" elapsed="3.451003"/>
</kw>
<doc>Register with invalid last name field</doc>
<status status="FAIL" start="2024-06-26T00:47:23.605245" elapsed="8.254488">Value of variable '@{words}[0]' is not list or list-like.</status>
</test>
<test id="s1-s1-t8" name="Verify not accepting equal values for first and last name fields" line="120">
<kw name="Begin Registration Test" owner="common" type="SETUP">
<kw name="Open Web Browser" owner="helpers">
<kw name="Open Browser" owner="SeleniumLibrary">
<msg time="2024-06-26T00:47:31.863731" level="INFO">Opening browser 'chrome' to base url 'https://www.phptravels.net/signup'.</msg>
<arg>${url}</arg>
<arg>${BROWSER}</arg>
<doc>Opens a new browser instance to the optional ``url``.</doc>
<status status="PASS" start="2024-06-26T00:47:31.862732" elapsed="5.158823"/>
</kw>
<kw name="Maximize Browser Window" owner="SeleniumLibrary">
<doc>Maximizes current browser window.</doc>
<status status="PASS" start="2024-06-26T00:47:37.021555" elapsed="0.142004"/>
</kw>
<arg>${registerPage}</arg>
<status status="PASS" start="2024-06-26T00:47:31.862732" elapsed="5.300827"/>
</kw>
<status status="PASS" start="2024-06-26T00:47:31.861732" elapsed="5.301827"/>
</kw>
<kw name="Generate Valid Test Email" owner="helpers">
<kw name="Split String" owner="String">
<msg time="2024-06-26T00:47:37.165573" level="INFO">@{words} = [ test | gmail.com ]</msg>
<var>@{words}</var>
<arg>${GMAIL}</arg>
<arg>@</arg>
<doc>Splits the ``string`` using ``separator`` as a delimiter string.</doc>
<status status="PASS" start="2024-06-26T00:47:37.165573" elapsed="0.000000"/>
</kw>
<kw name="Set Variable" owner="BuiltIn">
<msg time="2024-06-26T00:47:37.166555" level="FAIL">Value of variable '@{words}[0]' is not list or list-like.</msg>
<var>${test}</var>
<arg>@{words}[0]+${counter}@@{words}[1]</arg>
<doc>Returns the given values which can then be assigned to a variables.</doc>
<status status="FAIL" start="2024-06-26T00:47:37.165573" elapsed="0.000982">Value of variable '@{words}[0]' is not list or list-like.</status>
</kw>
<return>
<value>${test}</value>
<status status="NOT RUN" start="2024-06-26T00:47:37.166555" elapsed="0.000000"/>
</return>
<var>${validEmailValue}</var>
<arg>3</arg>
<status status="FAIL" start="2024-06-26T00:47:37.164556" elapsed="0.001999">Value of variable '@{words}[0]' is not list or list-like.</status>
</kw>
<kw name="Input Registeration Form Fields" owner="register">
<arg>${validFirstName}</arg>
<arg>@{validLastName}[1]</arg>
<arg>${validMobileNumber}</arg>
<arg>${validEmailValue}</arg>
<arg>@{validPassword}[0]</arg>
<arg>@{validConfirmPassword}[0]</arg>
<status status="NOT RUN" start="2024-06-26T00:47:37.167555" elapsed="0.000000"/>
</kw>
<kw name="Click On Sign Up" owner="register">
<status status="NOT RUN" start="2024-06-26T00:47:37.168557" elapsed="0.000000"/>
</kw>
<kw name="Check error message" owner="helpers">
<arg>${firstNameEqualLastNameError}</arg>
<status status="NOT RUN" start="2024-06-26T00:47:37.168557" elapsed="0.000000"/>
</kw>
<kw name="End Registration Test" owner="common" type="TEARDOWN">
<kw name="Capture screenshot" owner="helpers">
<kw name="Run Keyword If Test Failed" owner="BuiltIn">
<kw name="Capture Page Screenshot" owner="SeleniumLibrary">
<msg time="2024-06-26T00:47:37.501556" level="INFO" html="true">&lt;/td&gt;&lt;/tr&gt;&lt;tr&gt;&lt;td colspan="3"&gt;&lt;a href="../Results/Screenshots/register/Verify%20not%20accepting%20equal%20values%20for%20first%20and%20last%20name%20fields-Failed.png"&gt;&lt;img src="../Results/Screenshots/register/Verify%20not%20accepting%20equal%20values%20for%20first%20and%20last%20name%20fields-Failed.png" width="800px"&gt;&lt;/a&gt;</msg>
<arg>../Results/Screenshots/${folderName}/${TEST NAME}-Failed.png</arg>
<doc>Takes a screenshot of the current page and embeds it into a log file.</doc>
<status status="PASS" start="2024-06-26T00:47:37.171555" elapsed="0.330001"/>
</kw>
<arg>Capture Page Screenshot</arg>
<arg>../Results/Screenshots/${folderName}/${TEST NAME}-Failed.png</arg>
<doc>Runs the given keyword with the given arguments, if the test failed.</doc>
<status status="PASS" start="2024-06-26T00:47:37.171555" elapsed="0.330001"/>
</kw>
<arg>register</arg>
<status status="PASS" start="2024-06-26T00:47:37.170556" elapsed="0.331000"/>
</kw>
<kw name="Close Web Browser" owner="helpers">
<kw name="Close Browser" owner="SeleniumLibrary">
<doc>Closes the current browser.</doc>
<status status="PASS" start="2024-06-26T00:47:37.502556" elapsed="2.280862"/>
</kw>
<status status="PASS" start="2024-06-26T00:47:37.502556" elapsed="2.280862"/>
</kw>
<status status="PASS" start="2024-06-26T00:47:37.169555" elapsed="2.613863"/>
</kw>
<doc>Register with equal values for first and last name fields</doc>
<status status="FAIL" start="2024-06-26T00:47:31.860732" elapsed="7.923552">Value of variable '@{words}[0]' is not list or list-like.</status>
</test>
<test id="s1-s1-t9" name="Verify not accepting invalid password field value" line="127">
<kw name="Begin Registration Test" owner="common" type="SETUP">
<kw name="Open Web Browser" owner="helpers">
<kw name="Open Browser" owner="SeleniumLibrary">
<msg time="2024-06-26T00:47:39.788303" level="INFO">Opening browser 'chrome' to base url 'https://www.phptravels.net/signup'.</msg>
<arg>${url}</arg>
<arg>${BROWSER}</arg>
<doc>Opens a new browser instance to the optional ``url``.</doc>
<status status="PASS" start="2024-06-26T00:47:39.788303" elapsed="5.050718"/>
</kw>
<kw name="Maximize Browser Window" owner="SeleniumLibrary">
<doc>Maximizes current browser window.</doc>
<status status="PASS" start="2024-06-26T00:47:44.840018" elapsed="0.162005"/>
</kw>
<arg>${registerPage}</arg>
<status status="PASS" start="2024-06-26T00:47:39.787268" elapsed="5.214755"/>
</kw>
<status status="PASS" start="2024-06-26T00:47:39.787268" elapsed="5.214755"/>
</kw>
<kw name="Generate Valid Test Email" owner="helpers">
<kw name="Split String" owner="String">
<msg time="2024-06-26T00:47:45.005020" level="INFO">@{words} = [ test | gmail.com ]</msg>
<var>@{words}</var>
<arg>${GMAIL}</arg>
<arg>@</arg>
<doc>Splits the ``string`` using ``separator`` as a delimiter string.</doc>
<status status="PASS" start="2024-06-26T00:47:45.005020" elapsed="0.000000"/>
</kw>
<kw name="Set Variable" owner="BuiltIn">
<msg time="2024-06-26T00:47:45.006019" level="FAIL">Value of variable '@{words}[0]' is not list or list-like.</msg>
<var>${test}</var>
<arg>@{words}[0]+${counter}@@{words}[1]</arg>
<doc>Returns the given values which can then be assigned to a variables.</doc>
<status status="FAIL" start="2024-06-26T00:47:45.006019" elapsed="0.000000">Value of variable '@{words}[0]' is not list or list-like.</status>
</kw>
<return>
<value>${test}</value>
<status status="NOT RUN" start="2024-06-26T00:47:45.006019" elapsed="0.000000"/>
</return>
<var>${validEmailValue}</var>
<arg>4</arg>
<status status="FAIL" start="2024-06-26T00:47:45.004018" elapsed="0.002001">Value of variable '@{words}[0]' is not list or list-like.</status>
</kw>
<kw name="Input Registeration Form Fields" owner="register">
<arg>${validFirstName}</arg>
<arg>@{validLastName}[0]</arg>
<arg>${validMobileNumber}</arg>
<arg>${validEmailValue}</arg>
<arg>@{invalidPassword}[4]</arg>
<arg>@{invalidConfirmPassword}[4]</arg>
<status status="NOT RUN" start="2024-06-26T00:47:45.007021" elapsed="0.000000"/>
</kw>
<kw name="Click On Sign Up" owner="register">
<status status="NOT RUN" start="2024-06-26T00:47:45.008019" elapsed="0.000000"/>
</kw>
<kw name="Check error message" owner="helpers">
<arg>${invalidPasswordError}</arg>
<status status="NOT RUN" start="2024-06-26T00:47:45.009020" elapsed="0.000000"/>
</kw>
<kw name="Change Field Value" owner="helpers">
<arg>${passwordField}</arg>
<arg>@{invalidPassword}[5]</arg>
<status status="NOT RUN" start="2024-06-26T00:47:45.010020" elapsed="0.000000"/>
</kw>
<kw name="Change Field Value" owner="helpers">
<arg>${confirmPasswordField}</arg>
<arg>@{invalidConfirmPassword}[5]</arg>
<status status="NOT RUN" start="2024-06-26T00:47:45.011019" elapsed="0.000000"/>
</kw>
<kw name="Click On Sign Up" owner="register">
<status status="NOT RUN" start="2024-06-26T00:47:45.012033" elapsed="0.000000"/>
</kw>
<kw name="Check error message" owner="helpers">
<arg>${invalidPasswordError}</arg>
<status status="NOT RUN" start="2024-06-26T00:47:45.012033" elapsed="0.000000"/>
</kw>
<kw name="Change Field Value" owner="helpers">
<arg>${passwordField}</arg>
<arg>@{invalidPassword}[6]</arg>
<status status="NOT RUN" start="2024-06-26T00:47:45.017021" elapsed="0.000000"/>
</kw>
<kw name="Change Field Value" owner="helpers">
<arg>${confirmPasswordField}</arg>
<arg>@{invalidConfirmPassword}[6]</arg>
<status status="NOT RUN" start="2024-06-26T00:47:45.020020" elapsed="0.000000"/>
</kw>
<kw name="Click On Sign Up" owner="register">
<status status="NOT RUN" start="2024-06-26T00:47:45.022019" elapsed="0.001002"/>
</kw>
<kw name="Check error message" owner="helpers">
<arg>${invalidPasswordError}</arg>
<status status="NOT RUN" start="2024-06-26T00:47:45.024020" elapsed="0.000000"/>
</kw>
<kw name="Change Field Value" owner="helpers">
<arg>${passwordField}</arg>
<arg>@{invalidPassword}[7]</arg>
<status status="NOT RUN" start="2024-06-26T00:47:45.029019" elapsed="0.000000"/>
</kw>
<kw name="Change Field Value" owner="helpers">
<arg>${confirmPasswordField}</arg>
<arg>@{invalidConfirmPassword}[7]</arg>
<status status="NOT RUN" start="2024-06-26T00:47:45.056021" elapsed="0.000000"/>
</kw>
<kw name="Click On Sign Up" owner="register">
<status status="NOT RUN" start="2024-06-26T00:47:45.058020" elapsed="0.000000"/>
</kw>
<kw name="Check error message" owner="helpers">
<arg>${invalidPasswordError}</arg>
<status status="NOT RUN" start="2024-06-26T00:47:45.068041" elapsed="0.000000"/>
</kw>
<kw name="Change Field Value" owner="helpers">
<arg>${passwordField}</arg>
<arg>@{invalidPassword}[8]</arg>
<status status="NOT RUN" start="2024-06-26T00:47:45.070020" elapsed="0.000000"/>
</kw>
<kw name="Change Field Value" owner="helpers">
<arg>${confirmPasswordField}</arg>
<arg>@{invalidConfirmPassword}[8]</arg>
<status status="NOT RUN" start="2024-06-26T00:47:45.072031" elapsed="0.000000"/>
</kw>
<kw name="Click On Sign Up" owner="register">
<status status="NOT RUN" start="2024-06-26T00:47:45.072031" elapsed="0.000000"/>
</kw>
<kw name="Check error message" owner="helpers">
<arg>${invalidPasswordError}</arg>
<status status="NOT RUN" start="2024-06-26T00:47:45.073018" elapsed="0.000000"/>
</kw>
<kw name="End Registration Test" owner="common" type="TEARDOWN">
<kw name="Capture screenshot" owner="helpers">
<kw name="Run Keyword If Test Failed" owner="BuiltIn">
<kw name="Capture Page Screenshot" owner="SeleniumLibrary">
<msg time="2024-06-26T00:47:45.253018" level="INFO" html="true">&lt;/td&gt;&lt;/tr&gt;&lt;tr&gt;&lt;td colspan="3"&gt;&lt;a href="../Results/Screenshots/register/Verify%20not%20accepting%20invalid%20password%20field%20value-Failed.png"&gt;&lt;img src="../Results/Screenshots/register/Verify%20not%20accepting%20invalid%20password%20field%20value-Failed.png" width="800px"&gt;&lt;/a&gt;</msg>
<arg>../Results/Screenshots/${folderName}/${TEST NAME}-Failed.png</arg>
<doc>Takes a screenshot of the current page and embeds it into a log file.</doc>
<status status="PASS" start="2024-06-26T00:47:45.079018" elapsed="0.174000"/>
</kw>
<arg>Capture Page Screenshot</arg>
<arg>../Results/Screenshots/${folderName}/${TEST NAME}-Failed.png</arg>
<doc>Runs the given keyword with the given arguments, if the test failed.</doc>
<status status="PASS" start="2024-06-26T00:47:45.078020" elapsed="0.174998"/>
</kw>
<arg>register</arg>
<status status="PASS" start="2024-06-26T00:47:45.078020" elapsed="0.174998"/>
</kw>
<kw name="Close Web Browser" owner="helpers">
<kw name="Close Browser" owner="SeleniumLibrary">
<doc>Closes the current browser.</doc>
<status status="PASS" start="2024-06-26T00:47:45.254018" elapsed="2.236980"/>
</kw>
<status status="PASS" start="2024-06-26T00:47:45.254018" elapsed="2.236980"/>
</kw>
<status status="PASS" start="2024-06-26T00:47:45.077019" elapsed="2.413979"/>
</kw>
<doc>Register with invalid password field</doc>
<status status="FAIL" start="2024-06-26T00:47:39.786268" elapsed="7.705699">Value of variable '@{words}[0]' is not list or list-like.</status>
</test>
<test id="s1-s1-t10" name="Verify not accepting less than 6 characters for password field value" line="154">
<kw name="Begin Registration Test" owner="common" type="SETUP">
<kw name="Open Web Browser" owner="helpers">
<kw name="Open Browser" owner="SeleniumLibrary">
<msg time="2024-06-26T00:47:47.496002" level="INFO">Opening browser 'chrome' to base url 'https://www.phptravels.net/signup'.</msg>
<arg>${url}</arg>
<arg>${BROWSER}</arg>
<doc>Opens a new browser instance to the optional ``url``.</doc>
<status status="PASS" start="2024-06-26T00:47:47.496002" elapsed="6.640005"/>
</kw>
<kw name="Maximize Browser Window" owner="SeleniumLibrary">
<doc>Maximizes current browser window.</doc>
<status status="PASS" start="2024-06-26T00:47:54.136007" elapsed="0.118992"/>
</kw>
<arg>${registerPage}</arg>
<status status="PASS" start="2024-06-26T00:47:47.494967" elapsed="6.760032"/>
</kw>
<status status="PASS" start="2024-06-26T00:47:47.494967" elapsed="6.760032"/>
</kw>
<kw name="Generate Valid Test Email" owner="helpers">
<kw name="Split String" owner="String">
<msg time="2024-06-26T00:47:54.260997" level="INFO">@{words} = [ test | gmail.com ]</msg>
<var>@{words}</var>
<arg>${GMAIL}</arg>
<arg>@</arg>
<doc>Splits the ``string`` using ``separator`` as a delimiter string.</doc>
<status status="PASS" start="2024-06-26T00:47:54.260997" elapsed="0.000000"/>
</kw>
<kw name="Set Variable" owner="BuiltIn">
<msg time="2024-06-26T00:47:54.265029" level="FAIL">Value of variable '@{words}[0]' is not list or list-like.</msg>
<var>${test}</var>
<arg>@{words}[0]+${counter}@@{words}[1]</arg>
<doc>Returns the given values which can then be assigned to a variables.</doc>
<status status="FAIL" start="2024-06-26T00:47:54.262001" elapsed="0.003028">Value of variable '@{words}[0]' is not list or list-like.</status>
</kw>
<return>
<value>${test}</value>
<status status="NOT RUN" start="2024-06-26T00:47:54.265997" elapsed="0.000000"/>
</return>
<var>${validEmailValue}</var>
<arg>5</arg>
<status status="FAIL" start="2024-06-26T00:47:54.259997" elapsed="0.006000">Value of variable '@{words}[0]' is not list or list-like.</status>
</kw>
<kw name="Input Registeration Form Fields" owner="register">
<arg>${validFirstName}</arg>
<arg>@{validLastName}[0]</arg>
<arg>${validMobileNumber}</arg>
<arg>${validEmailValue}</arg>
<arg>@{invalidPassword}[1]</arg>
<arg>@{invalidConfirmPassword}[1]</arg>
<status status="NOT RUN" start="2024-06-26T00:47:54.266996" elapsed="0.000000"/>
</kw>
<kw name="Click On Sign Up" owner="register">
<status status="NOT RUN" start="2024-06-26T00:47:54.266996" elapsed="0.000000"/>
</kw>
<kw name="Check error message" owner="helpers">
<arg>${shortPasswordError}</arg>
<status status="NOT RUN" start="2024-06-26T00:47:54.267998" elapsed="0.000000"/>
</kw>
<kw name="Change Field Value" owner="helpers">
<arg>${passwordField}</arg>
<arg>@{invalidPassword}[2]</arg>
<status status="NOT RUN" start="2024-06-26T00:47:54.268996" elapsed="0.000000"/>
</kw>
<kw name="Change Field Value" owner="helpers">
<arg>${confirmPasswordField}</arg>
<arg>@{invalidConfirmPassword}[2]</arg>
<status status="NOT RUN" start="2024-06-26T00:47:54.269997" elapsed="0.000000"/>
</kw>
<kw name="Click On Sign Up" owner="register">
<status status="NOT RUN" start="2024-06-26T00:47:54.270998" elapsed="0.000000"/>
</kw>
<kw name="Check error message" owner="helpers">
<arg>${shortPasswordError}</arg>
<status status="NOT RUN" start="2024-06-26T00:47:54.271998" elapsed="0.000000"/>
</kw>
<kw name="Change Field Value" owner="helpers">
<arg>${passwordField}</arg>
<arg>@{invalidPassword}[3]</arg>
<status status="NOT RUN" start="2024-06-26T00:47:54.272997" elapsed="0.000000"/>
</kw>
<kw name="Change Field Value" owner="helpers">
<arg>${confirmPasswordField}</arg>
<arg>@{invalidConfirmPassword}[3]</arg>
<status status="NOT RUN" start="2024-06-26T00:47:54.272997" elapsed="0.000000"/>
</kw>
<kw name="Click On Sign Up" owner="register">
<status status="NOT RUN" start="2024-06-26T00:47:54.273996" elapsed="0.000000"/>
</kw>
<kw name="Check error message" owner="helpers">
<arg>${shortPasswordError}</arg>
<status status="NOT RUN" start="2024-06-26T00:47:54.274998" elapsed="0.000000"/>
</kw>
<kw name="End Registration Test" owner="common" type="TEARDOWN">
<kw name="Capture screenshot" owner="helpers">
<kw name="Run Keyword If Test Failed" owner="BuiltIn">
<kw name="Capture Page Screenshot" owner="SeleniumLibrary">
<msg time="2024-06-26T00:47:54.538004" level="INFO" html="true">&lt;/td&gt;&lt;/tr&gt;&lt;tr&gt;&lt;td colspan="3"&gt;&lt;a href="../Results/Screenshots/register/Verify%20not%20accepting%20less%20than%206%20characters%20for%20password%20field%20value-Failed.png"&gt;&lt;img src="../Results/Screenshots/register/Verify%20not%20accepting%20less%20than%206%20characters%20for%20password%20field%20value-Failed.png" width="800px"&gt;&lt;/a&gt;</msg>
<arg>../Results/Screenshots/${folderName}/${TEST NAME}-Failed.png</arg>
<doc>Takes a screenshot of the current page and embeds it into a log file.</doc>
<status status="PASS" start="2024-06-26T00:47:54.278000" elapsed="0.260004"/>
</kw>
<arg>Capture Page Screenshot</arg>
<arg>../Results/Screenshots/${folderName}/${TEST NAME}-Failed.png</arg>
<doc>Runs the given keyword with the given arguments, if the test failed.</doc>
<status status="PASS" start="2024-06-26T00:47:54.277027" elapsed="0.260977"/>
</kw>
<arg>register</arg>
<status status="PASS" start="2024-06-26T00:47:54.275997" elapsed="0.263059"/>
</kw>
<kw name="Close Web Browser" owner="helpers">
<kw name="Close Browser" owner="SeleniumLibrary">
<doc>Closes the current browser.</doc>
<status status="PASS" start="2024-06-26T00:47:54.542010" elapsed="2.257083"/>
</kw>
<status status="PASS" start="2024-06-26T00:47:54.541006" elapsed="2.258087"/>
</kw>
<status status="PASS" start="2024-06-26T00:47:54.275997" elapsed="2.523096"/>
</kw>
<doc>Register with short length password field</doc>
<status status="FAIL" start="2024-06-26T00:47:47.493967" elapsed="9.306123">Value of variable '@{words}[0]' is not list or list-like.</status>
</test>
<test id="s1-s1-t11" name="Verify not accepting different values for password and confirm password fields" line="171">
<kw name="Begin Registration Test" owner="common" type="SETUP">
<kw name="Open Web Browser" owner="helpers">
<kw name="Open Browser" owner="SeleniumLibrary">
<msg time="2024-06-26T00:47:56.804093" level="INFO">Opening browser 'chrome' to base url 'https://www.phptravels.net/signup'.</msg>
<arg>${url}</arg>
<arg>${BROWSER}</arg>
<doc>Opens a new browser instance to the optional ``url``.</doc>
<status status="PASS" start="2024-06-26T00:47:56.804093" elapsed="6.992463"/>
</kw>
<kw name="Maximize Browser Window" owner="SeleniumLibrary">
<doc>Maximizes current browser window.</doc>
<status status="PASS" start="2024-06-26T00:48:03.797555" elapsed="0.136002"/>
</kw>
<arg>${registerPage}</arg>
<status status="PASS" start="2024-06-26T00:47:56.803098" elapsed="7.130459"/>
</kw>
<status status="PASS" start="2024-06-26T00:47:56.803098" elapsed="7.130459"/>
</kw>
<kw name="Generate Valid Test Email" owner="helpers">
<kw name="Split String" owner="String">
<msg time="2024-06-26T00:48:03.935556" level="INFO">@{words} = [ test | gmail.com ]</msg>
<var>@{words}</var>
<arg>${GMAIL}</arg>
<arg>@</arg>
<doc>Splits the ``string`` using ``separator`` as a delimiter string.</doc>
<status status="PASS" start="2024-06-26T00:48:03.935556" elapsed="0.000000"/>
</kw>
<kw name="Set Variable" owner="BuiltIn">
<msg time="2024-06-26T00:48:03.936555" level="FAIL">Value of variable '@{words}[0]' is not list or list-like.</msg>
<var>${test}</var>
<arg>@{words}[0]+${counter}@@{words}[1]</arg>
<doc>Returns the given values which can then be assigned to a variables.</doc>
<status status="FAIL" start="2024-06-26T00:48:03.936555" elapsed="0.000000">Value of variable '@{words}[0]' is not list or list-like.</status>
</kw>
<return>
<value>${test}</value>
<status status="NOT RUN" start="2024-06-26T00:48:03.936555" elapsed="0.000000"/>
</return>
<var>${validEmailValue}</var>
<arg>6</arg>
<status status="FAIL" start="2024-06-26T00:48:03.934556" elapsed="0.001999">Value of variable '@{words}[0]' is not list or list-like.</status>
</kw>
<kw name="Input Registeration Form Fields" owner="register">
<arg>${validFirstName}</arg>
<arg>@{validLastName}[0]</arg>
<arg>${validMobileNumber}</arg>
<arg>${validEmailValue}</arg>
<arg>@{validPassword}[0]</arg>
<arg>@{validConfirmPassword}[1]</arg>
<status status="NOT RUN" start="2024-06-26T00:48:03.939555" elapsed="0.000000"/>
</kw>
<kw name="Click On Sign Up" owner="register">
<status status="NOT RUN" start="2024-06-26T00:48:03.967583" elapsed="0.000000"/>
</kw>
<kw name="Check error message" owner="helpers">
<arg>${passwordsNotMatchError}</arg>
<status status="NOT RUN" start="2024-06-26T00:48:03.972555" elapsed="0.001001"/>
</kw>
<kw name="End Registration Test" owner="common" type="TEARDOWN">
<kw name="Capture screenshot" owner="helpers">
<kw name="Run Keyword If Test Failed" owner="BuiltIn">
<kw name="Capture Page Screenshot" owner="SeleniumLibrary">
<msg time="2024-06-26T00:48:04.174554" level="INFO" html="true">&lt;/td&gt;&lt;/tr&gt;&lt;tr&gt;&lt;td colspan="3"&gt;&lt;a href="../Results/Screenshots/register/Verify%20not%20accepting%20different%20values%20for%20password%20and%20confirm%20password%20fields-Failed.png"&gt;&lt;img src="../Results/Screenshots/register/Verify%20not%20accepting%20different%20values%20for%20password%20and%20confirm%20password%20fields-Failed.png" width="800px"&gt;&lt;/a&gt;</msg>
<arg>../Results/Screenshots/${folderName}/${TEST NAME}-Failed.png</arg>
<doc>Takes a screenshot of the current page and embeds it into a log file.</doc>
<status status="PASS" start="2024-06-26T00:48:03.977557" elapsed="0.196997"/>
</kw>
<arg>Capture Page Screenshot</arg>
<arg>../Results/Screenshots/${folderName}/${TEST NAME}-Failed.png</arg>
<doc>Runs the given keyword with the given arguments, if the test failed.</doc>
<status status="PASS" start="2024-06-26T00:48:03.977557" elapsed="0.196997"/>
</kw>
<arg>register</arg>
<status status="PASS" start="2024-06-26T00:48:03.976556" elapsed="0.199013"/>
</kw>
<kw name="Close Web Browser" owner="helpers">
<kw name="Close Browser" owner="SeleniumLibrary">
<doc>Closes the current browser.</doc>
<status status="PASS" start="2024-06-26T00:48:04.177556" elapsed="2.264592"/>
</kw>
<status status="PASS" start="2024-06-26T00:48:04.176561" elapsed="2.266453"/>
</kw>
<status status="PASS" start="2024-06-26T00:48:03.975557" elapsed="2.467457"/>
</kw>
<doc>Register with different values for password and confirm password fields</doc>
<status status="FAIL" start="2024-06-26T00:47:56.802091" elapsed="9.641906">Value of variable '@{words}[0]' is not list or list-like.</status>
</test>
<test id="s1-s1-t12" name="Verify not accepting invalid mobile format" line="178">
<kw name="Begin Registration Test" owner="common" type="SETUP">
<kw name="Open Web Browser" owner="helpers">
<kw name="Open Browser" owner="SeleniumLibrary">
<msg time="2024-06-26T00:48:06.447996" level="INFO">Opening browser 'chrome' to base url 'https://www.phptravels.net/signup'.</msg>
<arg>${url}</arg>
<arg>${BROWSER}</arg>
<doc>Opens a new browser instance to the optional ``url``.</doc>
<status status="PASS" start="2024-06-26T00:48:06.447996" elapsed="4.582422"/>
</kw>
<kw name="Maximize Browser Window" owner="SeleniumLibrary">
<doc>Maximizes current browser window.</doc>
<status status="PASS" start="2024-06-26T00:48:11.031418" elapsed="0.037000"/>
</kw>
<arg>${registerPage}</arg>
<status status="PASS" start="2024-06-26T00:48:06.447006" elapsed="4.622417"/>
</kw>
<status status="PASS" start="2024-06-26T00:48:06.446002" elapsed="4.623421"/>
</kw>
<kw name="Generate Valid Test Email" owner="helpers">
<kw name="Split String" owner="String">
<msg time="2024-06-26T00:48:11.083453" level="INFO">@{words} = [ test | gmail.com ]</msg>
<var>@{words}</var>
<arg>${GMAIL}</arg>
<arg>@</arg>
<doc>Splits the ``string`` using ``separator`` as a delimiter string.</doc>
<status status="PASS" start="2024-06-26T00:48:11.079418" elapsed="0.005009"/>
</kw>
<kw name="Set Variable" owner="BuiltIn">
<msg time="2024-06-26T00:48:11.085421" level="FAIL">Value of variable '@{words}[0]' is not list or list-like.</msg>
<var>${test}</var>
<arg>@{words}[0]+${counter}@@{words}[1]</arg>
<doc>Returns the given values which can then be assigned to a variables.</doc>
<status status="FAIL" start="2024-06-26T00:48:11.084427" elapsed="0.000994">Value of variable '@{words}[0]' is not list or list-like.</status>
</kw>
<return>
<value>${test}</value>
<status status="NOT RUN" start="2024-06-26T00:48:11.085421" elapsed="0.000000"/>
</return>
<var>${validEmailValue}</var>
<arg>7</arg>
<status status="FAIL" start="2024-06-26T00:48:11.078417" elapsed="0.007004">Value of variable '@{words}[0]' is not list or list-like.</status>
</kw>
<kw name="Click On Sign Up" owner="register">
<status status="NOT RUN" start="2024-06-26T00:48:11.086418" elapsed="0.000000"/>
</kw>
<kw name="Check mandatory fields errors" owner="register">
<status status="NOT RUN" start="2024-06-26T00:48:11.087418" elapsed="0.000000"/>
</kw>
<kw name="Input Registeration Form Fields" owner="register">
<arg>@{invalidFirstName}[0]</arg>
<arg>@{invalidLastName}[0]</arg>
<arg>@{invalidMobileNumber}[0]</arg>
<arg>@{invalidEmail}[0]</arg>
<arg>@{invalidPassword}[0]</arg>
<arg>@{invalidConfirmPassword}[0]</arg>
<status status="NOT RUN" start="2024-06-26T00:48:11.110417" elapsed="0.000000"/>
</kw>
<kw name="Click On Sign Up" owner="register">
<status status="NOT RUN" start="2024-06-26T00:48:11.111417" elapsed="0.000000"/>
</kw>
<kw name="Check mandatory fields errors" owner="register">
<status status="NOT RUN" start="2024-06-26T00:48:11.111417" elapsed="0.000000"/>
</kw>
<kw name="End Registration Test" owner="common" type="TEARDOWN">
<kw name="Capture screenshot" owner="helpers">
<kw name="Run Keyword If Test Failed" owner="BuiltIn">
<kw name="Capture Page Screenshot" owner="SeleniumLibrary">
<msg time="2024-06-26T00:48:11.431956" level="INFO" html="true">&lt;/td&gt;&lt;/tr&gt;&lt;tr&gt;&lt;td colspan="3"&gt;&lt;a href="../Results/Screenshots/register/Verify%20not%20accepting%20invalid%20mobile%20format-Failed.png"&gt;&lt;img src="../Results/Screenshots/register/Verify%20not%20accepting%20invalid%20mobile%20format-Failed.png" width="800px"&gt;&lt;/a&gt;</msg>
<arg>../Results/Screenshots/${folderName}/${TEST NAME}-Failed.png</arg>
<doc>Takes a screenshot of the current page and embeds it into a log file.</doc>
<status status="PASS" start="2024-06-26T00:48:11.116420" elapsed="0.315536"/>
</kw>
<arg>Capture Page Screenshot</arg>
<arg>../Results/Screenshots/${folderName}/${TEST NAME}-Failed.png</arg>
<doc>Runs the given keyword with the given arguments, if the test failed.</doc>
<status status="PASS" start="2024-06-26T00:48:11.114417" elapsed="0.318537"/>
</kw>
<arg>register</arg>
<status status="PASS" start="2024-06-26T00:48:11.113418" elapsed="0.319536"/>
</kw>
<kw name="Close Web Browser" owner="helpers">
<kw name="Close Browser" owner="SeleniumLibrary">
<doc>Closes the current browser.</doc>
<status status="PASS" start="2024-06-26T00:48:11.432954" elapsed="2.252438"/>
</kw>
<status status="PASS" start="2024-06-26T00:48:11.432954" elapsed="2.252438"/>
</kw>
<status status="PASS" start="2024-06-26T00:48:11.112419" elapsed="2.572973"/>
</kw>
<doc>Register with invalid mobile number field</doc>
<status status="FAIL" start="2024-06-26T00:48:06.446002" elapsed="7.240359">Value of variable '@{words}[0]' is not list or list-like.</status>
</test>
<doc>Registration Test Suite</doc>
<status status="FAIL" start="2024-06-26T00:46:27.985007" elapsed="105.704341"/>
</suite>
<suite id="s1-s2" name="Suite2-login" source="C:\Users\hp\Desktop\PhpTravels-Automation-Tests\tests\Suite2-login.robot">
<test id="s1-s2-t1" name="Verify user login successfully with valid data" line="13">
<kw name="Begin Login Test" owner="common" type="SETUP">
<kw name="Open Web Browser" owner="helpers">
<kw name="Open Browser" owner="SeleniumLibrary">
<msg time="2024-06-26T00:48:13.713383" level="INFO">Opening browser 'chrome' to base url 'https://www.phptravels.net/login'.</msg>
<arg>${url}</arg>
<arg>${BROWSER}</arg>
<doc>Opens a new browser instance to the optional ``url``.</doc>
<status status="PASS" start="2024-06-26T00:48:13.712385" elapsed="4.359610"/>
</kw>
<kw name="Maximize Browser Window" owner="SeleniumLibrary">
<doc>Maximizes current browser window.</doc>
<status status="PASS" start="2024-06-26T00:48:18.072986" elapsed="0.052998"/>
</kw>
<arg>${loginPage}</arg>
<status status="PASS" start="2024-06-26T00:48:13.711379" elapsed="4.415623"/>
</kw>
<status status="PASS" start="2024-06-26T00:48:13.711379" elapsed="4.415623"/>
</kw>
<kw name="Input Login Form Fields" owner="login">
<msg time="2024-06-26T00:48:18.127988" level="FAIL">Value of variable '@{validpassword}[0]' is not list or list-like.</msg>
<arg>${validEmail}</arg>
<arg>@{validpassword}[0]</arg>
<status status="FAIL" start="2024-06-26T00:48:18.127988" elapsed="0.000000">Value of variable '@{validpassword}[0]' is not list or list-like.</status>
</kw>
<kw name="Click On Login" owner="login">
<status status="NOT RUN" start="2024-06-26T00:48:18.128985" elapsed="0.000000"/>
</kw>
<kw name="Check Current URL" owner="helpers">
<arg>${accountPage}</arg>
<status status="NOT RUN" start="2024-06-26T00:48:18.128985" elapsed="0.000000"/>
</kw>
<kw name="End Login Test" owner="common" type="TEARDOWN">
<kw name="Capture screenshot" owner="helpers">
<kw name="Run Keyword If Test Failed" owner="BuiltIn">
<kw name="Capture Page Screenshot" owner="SeleniumLibrary">
<msg time="2024-06-26T00:48:18.356984" level="INFO" html="true">&lt;/td&gt;&lt;/tr&gt;&lt;tr&gt;&lt;td colspan="3"&gt;&lt;a href="../Results/Screenshots/login/Verify%20user%20login%20successfully%20with%20valid%20data-Failed.png"&gt;&lt;img src="../Results/Screenshots/login/Verify%20user%20login%20successfully%20with%20valid%20data-Failed.png" width="800px"&gt;&lt;/a&gt;</msg>
<arg>../Results/Screenshots/${folderName}/${TEST NAME}-Failed.png</arg>
<doc>Takes a screenshot of the current page and embeds it into a log file.</doc>
<status status="PASS" start="2024-06-26T00:48:18.130984" elapsed="0.226000"/>
</kw>
<arg>Capture Page Screenshot</arg>
<arg>../Results/Screenshots/${folderName}/${TEST NAME}-Failed.png</arg>
<doc>Runs the given keyword with the given arguments, if the test failed.</doc>
<status status="PASS" start="2024-06-26T00:48:18.130984" elapsed="0.226000"/>
</kw>
<arg>login</arg>
<status status="PASS" start="2024-06-26T00:48:18.129984" elapsed="0.227000"/>
</kw>
<kw name="Close Web Browser" owner="helpers">
<kw name="Close Browser" owner="SeleniumLibrary">
<doc>Closes the current browser.</doc>
<status status="PASS" start="2024-06-26T00:48:18.357984" elapsed="2.169545"/>
</kw>
<status status="PASS" start="2024-06-26T00:48:18.356984" elapsed="2.171405"/>
</kw>
<status status="PASS" start="2024-06-26T00:48:18.129984" elapsed="2.398405"/>
</kw>
<doc>Login user with valid email and password</doc>
<tag>Smoke</tag>
<status status="FAIL" start="2024-06-26T00:48:13.710349" elapsed="6.818040">Value of variable '@{validpassword}[0]' is not list or list-like.</status>
</test>
<test id="s1-s2-t2" name="Verify all mandatory fields gives error when left blank or filled with spaces" line="20">
<kw name="Begin Login Test" owner="common" type="SETUP">
<kw name="Open Web Browser" owner="helpers">
<kw name="Open Browser" owner="SeleniumLibrary">
<msg time="2024-06-26T00:48:20.532427" level="INFO">Opening browser 'chrome' to base url 'https://www.phptravels.net/login'.</msg>
<arg>${url}</arg>
<arg>${BROWSER}</arg>
<doc>Opens a new browser instance to the optional ``url``.</doc>
<status status="PASS" start="2024-06-26T00:48:20.532427" elapsed="4.247774"/>
</kw>
<kw name="Maximize Browser Window" owner="SeleniumLibrary">
<doc>Maximizes current browser window.</doc>
<status status="PASS" start="2024-06-26T00:48:24.781201" elapsed="0.262000"/>
</kw>
<arg>${loginPage}</arg>
<status status="PASS" start="2024-06-26T00:48:20.531419" elapsed="4.511782"/>
</kw>
<status status="PASS" start="2024-06-26T00:48:20.531419" elapsed="4.512781"/>
</kw>
<kw name="Click On Login" owner="login">
<kw name="Click Button" owner="SeleniumLibrary">
<msg time="2024-06-26T00:48:25.057203" level="INFO">Clicking button 'xpath=//*[@id="loginfrm"]/button'.</msg>
<msg time="2024-06-26T00:48:25.084227" level="FAIL">Button with locator 'xpath=//*[@id="loginfrm"]/button' not found.</msg>
<arg>xpath=${loginButton}</arg>
<doc>Clicks the button identified by ``locator``.</doc>
<status status="FAIL" start="2024-06-26T00:48:25.056200" elapsed="0.030998">Button with locator 'xpath=//*[@id="loginfrm"]/button' not found.</status>
</kw>
<kw name="Sleep" owner="BuiltIn">
<arg>10s</arg>
<doc>Pauses the test executed for the given time.</doc>
<status status="NOT RUN" start="2024-06-26T00:48:25.087198" elapsed="0.000000"/>
</kw>
<status status="FAIL" start="2024-06-26T00:48:25.056200" elapsed="0.030998">Button with locator 'xpath=//*[@id="loginfrm"]/button' not found.</status>
</kw>
<kw name="Check mandatory fields errors" owner="login">
<status status="NOT RUN" start="2024-06-26T00:48:25.088200" elapsed="0.000000"/>
</kw>
<kw name="Change Field Value" owner="helpers">
<arg>${loginEmailField}</arg>
<arg>@{invalidEmail}[0]</arg>
<status status="NOT RUN" start="2024-06-26T00:48:25.089199" elapsed="0.000000"/>
</kw>
<kw name="Change Field Value" owner="helpers">
<arg>${loginPasswordField}</arg>
<arg>@{invalidPassword}[0]</arg>
<status status="NOT RUN" start="2024-06-26T00:48:25.090199" elapsed="0.000000"/>
</kw>
<kw name="Click On Login" owner="login">
<status status="NOT RUN" start="2024-06-26T00:48:25.090199" elapsed="0.000000"/>
</kw>
<kw name="Check mandatory fields errors" owner="login">
<status status="NOT RUN" start="2024-06-26T00:48:25.091198" elapsed="0.000000"/>
</kw>
<kw name="End Login Test" owner="common" type="TEARDOWN">
<kw name="Capture screenshot" owner="helpers">
<kw name="Run Keyword If Test Failed" owner="BuiltIn">
<kw name="Capture Page Screenshot" owner="SeleniumLibrary">
<msg time="2024-06-26T00:48:25.343198" level="INFO" html="true">&lt;/td&gt;&lt;/tr&gt;&lt;tr&gt;&lt;td colspan="3"&gt;&lt;a href="../Results/Screenshots/login/Verify%20all%20mandatory%20fields%20gives%20error%20when%20left%20blank%20or%20filled%20with%20spaces-Failed.png"&gt;&lt;img src="../Results/Screenshots/login/Verify%20all%20mandatory%20fields%20gives%20error%20when%20left%20blank%20or%20filled%20with%20spaces-Failed.png" width="800px"&gt;&lt;/a&gt;</msg>
<arg>../Results/Screenshots/${folderName}/${TEST NAME}-Failed.png</arg>
<doc>Takes a screenshot of the current page and embeds it into a log file.</doc>
<status status="PASS" start="2024-06-26T00:48:25.093202" elapsed="0.249996"/>
</kw>
<arg>Capture Page Screenshot</arg>
<arg>../Results/Screenshots/${folderName}/${TEST NAME}-Failed.png</arg>
<doc>Runs the given keyword with the given arguments, if the test failed.</doc>
<status status="PASS" start="2024-06-26T00:48:25.093202" elapsed="0.249996"/>
</kw>
<arg>login</arg>
<status status="PASS" start="2024-06-26T00:48:25.092198" elapsed="0.251000"/>
</kw>
<kw name="Close Web Browser" owner="helpers">
<kw name="Close Browser" owner="SeleniumLibrary">
<doc>Closes the current browser.</doc>
<status status="PASS" start="2024-06-26T00:48:25.344199" elapsed="2.273072"/>
</kw>
<status status="PASS" start="2024-06-26T00:48:25.343198" elapsed="2.274972"/>
</kw>
<status status="PASS" start="2024-06-26T00:48:25.091198" elapsed="2.526972"/>
</kw>
<doc>Login with blank/space fields</doc>
<status status="FAIL" start="2024-06-26T00:48:20.530387" elapsed="7.088744">Button with locator 'xpath=//*[@id="loginfrm"]/button' not found.</status>
</test>
<test id="s1-s2-t3" name="Verify not accepting a non registered email address" line="30">
<kw name="Begin Login Test" owner="common" type="SETUP">
<kw name="Open Web Browser" owner="helpers">
<kw name="Open Browser" owner="SeleniumLibrary">
<msg time="2024-06-26T00:48:27.623169" level="INFO">Opening browser 'chrome' to base url 'https://www.phptravels.net/login'.</msg>
<arg>${url}</arg>
<arg>${BROWSER}</arg>
<doc>Opens a new browser instance to the optional ``url``.</doc>
<status status="PASS" start="2024-06-26T00:48:27.622150" elapsed="4.872888"/>
</kw>
<kw name="Maximize Browser Window" owner="SeleniumLibrary">
<doc>Maximizes current browser window.</doc>
<status status="PASS" start="2024-06-26T00:48:32.496032" elapsed="0.093009"/>
</kw>
<arg>${loginPage}</arg>
<status status="PASS" start="2024-06-26T00:48:27.622150" elapsed="4.966891"/>
</kw>
<status status="PASS" start="2024-06-26T00:48:27.621131" elapsed="4.968902"/>
</kw>
<kw name="Generate Valid Test Email" owner="helpers">
<kw name="Split String" owner="String">
<msg time="2024-06-26T00:48:32.592032" level="INFO">@{words} = [ test | gmail.com ]</msg>
<var>@{words}</var>
<arg>${GMAIL}</arg>
<arg>@</arg>
<doc>Splits the ``string`` using ``separator`` as a delimiter string.</doc>
<status status="PASS" start="2024-06-26T00:48:32.591033" elapsed="0.000999"/>
</kw>
<kw name="Set Variable" owner="BuiltIn">
<msg time="2024-06-26T00:48:32.592032" level="FAIL">Value of variable '@{words}[0]' is not list or list-like.</msg>
<var>${test}</var>
<arg>@{words}[0]+${counter}@@{words}[1]</arg>
<doc>Returns the given values which can then be assigned to a variables.</doc>
<status status="FAIL" start="2024-06-26T00:48:32.592032" elapsed="0.000000">Value of variable '@{words}[0]' is not list or list-like.</status>
</kw>
<return>
<value>${test}</value>
<status status="NOT RUN" start="2024-06-26T00:48:32.592032" elapsed="0.000000"/>
</return>
<var>${validEmail}</var>
<arg>100</arg>
<status status="FAIL" start="2024-06-26T00:48:32.590033" elapsed="0.002999">Value of variable '@{words}[0]' is not list or list-like.</status>
</kw>
<kw name="Input Login Form Fields" owner="login">
<arg>${validEmail}</arg>
<arg>@{validpassword}[0]</arg>
<status status="NOT RUN" start="2024-06-26T00:48:32.593032" elapsed="0.000000"/>
</kw>
<kw name="Click On Login" owner="login">
<status status="NOT RUN" start="2024-06-26T00:48:32.594033" elapsed="0.000000"/>
</kw>
<kw name="Check error message" owner="helpers">
<arg>${loginFaliure}</arg>
<status status="NOT RUN" start="2024-06-26T00:48:32.596033" elapsed="0.000000"/>
</kw>
<kw name="End Login Test" owner="common" type="TEARDOWN">
<kw name="Capture screenshot" owner="helpers">
<kw name="Run Keyword If Test Failed" owner="BuiltIn">
<kw name="Capture Page Screenshot" owner="SeleniumLibrary">
<msg time="2024-06-26T00:48:32.783032" level="INFO" html="true">&lt;/td&gt;&lt;/tr&gt;&lt;tr&gt;&lt;td colspan="3"&gt;&lt;a href="../Results/Screenshots/login/Verify%20not%20accepting%20a%20non%20registered%20email%20address-Failed.png"&gt;&lt;img src="../Results/Screenshots/login/Verify%20not%20accepting%20a%20non%20registered%20email%20address-Failed.png" width="800px"&gt;&lt;/a&gt;</msg>
<arg>../Results/Screenshots/${folderName}/${TEST NAME}-Failed.png</arg>
<doc>Takes a screenshot of the current page and embeds it into a log file.</doc>
<status status="PASS" start="2024-06-26T00:48:32.606031" elapsed="0.178026"/>
</kw>
<arg>Capture Page Screenshot</arg>
<arg>../Results/Screenshots/${folderName}/${TEST NAME}-Failed.png</arg>
<doc>Runs the given keyword with the given arguments, if the test failed.</doc>
<status status="PASS" start="2024-06-26T00:48:32.606031" elapsed="0.179006"/>
</kw>
<arg>login</arg>
<status status="PASS" start="2024-06-26T00:48:32.605033" elapsed="0.180004"/>
</kw>
<kw name="Close Web Browser" owner="helpers">
<kw name="Close Browser" owner="SeleniumLibrary">
<doc>Closes the current browser.</doc>
<status status="PASS" start="2024-06-26T00:48:32.786032" elapsed="2.155986"/>
</kw>
<status status="PASS" start="2024-06-26T00:48:32.785037" elapsed="2.156981"/>
</kw>
<status status="PASS" start="2024-06-26T00:48:32.604034" elapsed="2.337984"/>
</kw>
<doc>Login with a non registered email address</doc>
<status status="FAIL" start="2024-06-26T00:48:27.621131" elapsed="7.321780">Value of variable '@{words}[0]' is not list or list-like.</status>
</test>
<test id="s1-s2-t4" name="Verify not accepting login with wrong password" line="37">
<kw name="Begin Login Test" owner="common" type="SETUP">
<kw name="Open Web Browser" owner="helpers">
<kw name="Open Browser" owner="SeleniumLibrary">
<msg time="2024-06-26T00:48:34.946868" level="INFO">Opening browser 'chrome' to base url 'https://www.phptravels.net/login'.</msg>
<arg>${url}</arg>
<arg>${BROWSER}</arg>
<doc>Opens a new browser instance to the optional ``url``.</doc>
<status status="PASS" start="2024-06-26T00:48:34.946868" elapsed="2.532642"/>
</kw>
<kw name="Maximize Browser Window" owner="SeleniumLibrary">
<doc>Maximizes current browser window.</doc>
<status status="PASS" start="2024-06-26T00:48:37.480509" elapsed="1.675510"/>
</kw>
<arg>${loginPage}</arg>
<status status="PASS" start="2024-06-26T00:48:34.945869" elapsed="4.210150"/>
</kw>
<status status="PASS" start="2024-06-26T00:48:34.945869" elapsed="4.210150"/>
</kw>
<kw name="Input Login Form Fields" owner="login">
<msg time="2024-06-26T00:48:39.168018" level="FAIL">Value of variable '@{validpassword}[1]' is not list or list-like.</msg>
<arg>${validEmail}</arg>
<arg>@{validpassword}[1]</arg>
<status status="FAIL" start="2024-06-26T00:48:39.168018" elapsed="0.000000">Value of variable '@{validpassword}[1]' is not list or list-like.</status>
</kw>
<kw name="Click On Login" owner="login">
<status status="NOT RUN" start="2024-06-26T00:48:39.169020" elapsed="0.000000"/>
</kw>
<kw name="Check error message" owner="helpers">
<arg>${loginFaliure}</arg>
<status status="NOT RUN" start="2024-06-26T00:48:39.170021" elapsed="0.000997"/>
</kw>
<kw name="End Login Test" owner="common" type="TEARDOWN">
<kw name="Capture screenshot" owner="helpers">
<kw name="Run Keyword If Test Failed" owner="BuiltIn">
<kw name="Capture Page Screenshot" owner="SeleniumLibrary">
<msg time="2024-06-26T00:48:39.449017" level="INFO" html="true">&lt;/td&gt;&lt;/tr&gt;&lt;tr&gt;&lt;td colspan="3"&gt;&lt;a href="../Results/Screenshots/login/Verify%20not%20accepting%20login%20with%20wrong%20password-Failed.png"&gt;&lt;img src="../Results/Screenshots/login/Verify%20not%20accepting%20login%20with%20wrong%20password-Failed.png" width="800px"&gt;&lt;/a&gt;</msg>
<arg>../Results/Screenshots/${folderName}/${TEST NAME}-Failed.png</arg>
<doc>Takes a screenshot of the current page and embeds it into a log file.</doc>
<status status="PASS" start="2024-06-26T00:48:39.174018" elapsed="0.274999"/>
</kw>
<arg>Capture Page Screenshot</arg>
<arg>../Results/Screenshots/${folderName}/${TEST NAME}-Failed.png</arg>
<doc>Runs the given keyword with the given arguments, if the test failed.</doc>
<status status="PASS" start="2024-06-26T00:48:39.173019" elapsed="0.275998"/>
</kw>
<arg>login</arg>
<status status="PASS" start="2024-06-26T00:48:39.172019" elapsed="0.276998"/>
</kw>
<kw name="Close Web Browser" owner="helpers">
<kw name="Close Browser" owner="SeleniumLibrary">
<doc>Closes the current browser.</doc>
<status status="PASS" start="2024-06-26T00:48:39.450018" elapsed="2.125924"/>
</kw>
<status status="PASS" start="2024-06-26T00:48:39.450018" elapsed="2.126784"/>
</kw>
<status status="PASS" start="2024-06-26T00:48:39.171018" elapsed="2.405784"/>
</kw>
<doc>Login with wrong password</doc>
<status status="FAIL" start="2024-06-26T00:48:34.944872" elapsed="6.631930">Value of variable '@{validpassword}[1]' is not list or list-like.</status>
</test>
<test id="s1-s2-t5" name="Verify allowing only Gmail email addresses" line="43">
<kw name="Begin Login Test" owner="common" type="SETUP">
<kw name="Open Web Browser" owner="helpers">
<kw name="Open Browser" owner="SeleniumLibrary">
<msg time="2024-06-26T00:48:41.580828" level="INFO">Opening browser 'chrome' to base url 'https://www.phptravels.net/login'.</msg>
<arg>${url}</arg>
<arg>${BROWSER}</arg>
<doc>Opens a new browser instance to the optional ``url``.</doc>
<status status="PASS" start="2024-06-26T00:48:41.580828" elapsed="4.599951"/>
</kw>
<kw name="Maximize Browser Window" owner="SeleniumLibrary">
<doc>Maximizes current browser window.</doc>
<status status="PASS" start="2024-06-26T00:48:46.180779" elapsed="0.054999"/>
</kw>
<arg>${loginPage}</arg>
<status status="PASS" start="2024-06-26T00:48:41.580828" elapsed="4.654950"/>
</kw>
<status status="PASS" start="2024-06-26T00:48:41.579828" elapsed="4.655950"/>
</kw>
<kw name="Input Login Form Fields" owner="login">
<msg time="2024-06-26T00:48:46.239783" level="FAIL">Value of variable '@{nonGmail}[0]' is not list or list-like.</msg>
<arg>@{nonGmail}[0]</arg>
<arg>@{validpassword}[0]</arg>
<status status="FAIL" start="2024-06-26T00:48:46.237782" elapsed="0.006025">Value of variable '@{nonGmail}[0]' is not list or list-like.</status>
</kw>
<kw name="Click On Login" owner="login">
<status status="NOT RUN" start="2024-06-26T00:48:46.247792" elapsed="0.000000"/>
</kw>
<kw name="Check error message" owner="helpers">
<arg>${nonGmailError}</arg>
<status status="NOT RUN" start="2024-06-26T00:48:46.248780" elapsed="0.000000"/>
</kw>
<kw name="Change Field Value" owner="helpers">
<arg>${loginEmailField}</arg>
<arg>@{nonGmail}[1]</arg>
<status status="NOT RUN" start="2024-06-26T00:48:46.248780" elapsed="0.000000"/>
</kw>
<kw name="Click On Login" owner="login">
<status status="NOT RUN" start="2024-06-26T00:48:46.249778" elapsed="0.000000"/>
</kw>
<kw name="Check error message" owner="helpers">
<arg>${nonGmailError}</arg>
<status status="NOT RUN" start="2024-06-26T00:48:46.249778" elapsed="0.000000"/>
</kw>
<kw name="End Login Test" owner="common" type="TEARDOWN">
<kw name="Capture screenshot" owner="helpers">
<kw name="Run Keyword If Test Failed" owner="BuiltIn">
<kw name="Capture Page Screenshot" owner="SeleniumLibrary">
<msg time="2024-06-26T00:48:46.418777" level="INFO" html="true">&lt;/td&gt;&lt;/tr&gt;&lt;tr&gt;&lt;td colspan="3"&gt;&lt;a href="../Results/Screenshots/login/Verify%20allowing%20only%20Gmail%20email%20addresses-Failed.png"&gt;&lt;img src="../Results/Screenshots/login/Verify%20allowing%20only%20Gmail%20email%20addresses-Failed.png" width="800px"&gt;&lt;/a&gt;</msg>
<arg>../Results/Screenshots/${folderName}/${TEST NAME}-Failed.png</arg>
<doc>Takes a screenshot of the current page and embeds it into a log file.</doc>
<status status="PASS" start="2024-06-26T00:48:46.252780" elapsed="0.165997"/>
</kw>
<arg>Capture Page Screenshot</arg>
<arg>../Results/Screenshots/${folderName}/${TEST NAME}-Failed.png</arg>
<doc>Runs the given keyword with the given arguments, if the test failed.</doc>
<status status="PASS" start="2024-06-26T00:48:46.251779" elapsed="0.166998"/>
</kw>
<arg>login</arg>
<status status="PASS" start="2024-06-26T00:48:46.251779" elapsed="0.167999"/>
</kw>
<kw name="Close Web Browser" owner="helpers">
<kw name="Close Browser" owner="SeleniumLibrary">
<doc>Closes the current browser.</doc>
<status status="PASS" start="2024-06-26T00:48:46.419778" elapsed="2.142208"/>
</kw>
<status status="PASS" start="2024-06-26T00:48:46.419778" elapsed="2.142208"/>
</kw>
<status status="PASS" start="2024-06-26T00:48:46.250778" elapsed="2.311208"/>
</kw>
<doc>Login with a non Gmail email address</doc>
<status status="FAIL" start="2024-06-26T00:48:41.578802" elapsed="6.984146">Value of variable '@{nonGmail}[0]' is not list or list-like.</status>
</test>
<test id="s1-s2-t6" name="Verify not accepting invalid email address formats" line="53">
<kw name="Begin Login Test" owner="common" type="SETUP">
<kw name="Open Web Browser" owner="helpers">
<kw name="Open Browser" owner="SeleniumLibrary">
<msg time="2024-06-26T00:48:48.566981" level="INFO">Opening browser 'chrome' to base url 'https://www.phptravels.net/login'.</msg>
<arg>${url}</arg>
<arg>${BROWSER}</arg>
<doc>Opens a new browser instance to the optional ``url``.</doc>
<status status="PASS" start="2024-06-26T00:48:48.566981" elapsed="2.531999"/>
</kw>
<kw name="Maximize Browser Window" owner="SeleniumLibrary">
<doc>Maximizes current browser window.</doc>
<status status="PASS" start="2024-06-26T00:48:51.099981" elapsed="1.403621"/>
</kw>
<arg>${loginPage}</arg>
<status status="PASS" start="2024-06-26T00:48:48.565948" elapsed="3.937654"/>
</kw>
<status status="PASS" start="2024-06-26T00:48:48.565948" elapsed="3.938642"/>
</kw>
<kw name="Generate Invalid Test Email" owner="helpers">
<kw name="Split String" owner="String">
<msg time="2024-06-26T00:48:52.516591" level="INFO">@{words} = [ test | gmail.com ]</msg>
<var>@{words}</var>
<arg>${GMAIL}</arg>
<arg>@</arg>
<doc>Splits the ``string`` using ``separator`` as a delimiter string.</doc>
<status status="PASS" start="2024-06-26T00:48:52.515605" elapsed="0.000986"/>
</kw>
<kw name="Generate Random String" owner="String">
<msg time="2024-06-26T00:48:52.518592" level="INFO">${specialChars} = !#%*&amp;</msg>
<var>${specialChars}</var>
<arg>5</arg>
<arg>$&amp;*%^!#</arg>
<doc>Generates a string with a desired ``length`` from the given ``chars``.</doc>
<status status="PASS" start="2024-06-26T00:48:52.517591" elapsed="0.001001"/>
</kw>
<kw name="Set Variable" owner="BuiltIn">
<msg time="2024-06-26T00:48:52.528594" level="FAIL">Value of variable '@{words}[0]' is not list or list-like.</msg>
<var>${email}</var>
<arg>@{words}[0]${specialChars}@gmail.com</arg>
<doc>Returns the given values which can then be assigned to a variables.</doc>
<status status="FAIL" start="2024-06-26T00:48:52.525590" elapsed="0.003004">Value of variable '@{words}[0]' is not list or list-like.</status>
</kw>
<return>
<value>${email}</value>
<status status="NOT RUN" start="2024-06-26T00:48:52.528594" elapsed="0.000000"/>
</return>
<var>${specialCharsEmail}</var>
<status status="FAIL" start="2024-06-26T00:48:52.513608" elapsed="0.015982">Value of variable '@{words}[0]' is not list or list-like.</status>
</kw>
<kw name="Input Login Form Fields" owner="login">
<arg>${specialCharsEmail}</arg>
<arg>@{validPassword}[0]</arg>
<status status="NOT RUN" start="2024-06-26T00:48:52.551591" elapsed="0.000000"/>
</kw>
<kw name="Click On Login" owner="login">
<status status="NOT RUN" start="2024-06-26T00:48:52.596591" elapsed="0.000000"/>
</kw>
<kw name="Check error message" owner="helpers">
<arg>${invalidMailError}</arg>
<status status="NOT RUN" start="2024-06-26T00:48:52.603592" elapsed="0.000000"/>
</kw>
<kw name="Input Login Form Fields" owner="login">
<arg>@{invalidEmail}[1]</arg>
<arg>@{validPassword}[0]</arg>
<status status="NOT RUN" start="2024-06-26T00:48:52.610592" elapsed="0.000000"/>
</kw>
<kw name="Click On Login" owner="login">
<status status="NOT RUN" start="2024-06-26T00:48:52.612590" elapsed="0.000000"/>
</kw>
<kw name="Check error message" owner="helpers">
<arg>${invalidMailError}</arg>
<status status="NOT RUN" start="2024-06-26T00:48:52.613592" elapsed="0.000000"/>
</kw>
<kw name="Change Field Value" owner="helpers">
<arg>${loginEmailField}</arg>
<arg>@{invalidEmail}[2]</arg>
<status status="NOT RUN" start="2024-06-26T00:48:52.614590" elapsed="0.000000"/>
</kw>
<kw name="Click On Login" owner="login">
<status status="NOT RUN" start="2024-06-26T00:48:52.616591" elapsed="0.001000"/>
</kw>
<kw name="Check error message" owner="helpers">
<arg>${invalidMailError}</arg>
<status status="NOT RUN" start="2024-06-26T00:48:52.618591" elapsed="0.000000"/>
</kw>
<kw name="Change Field Value" owner="helpers">
<arg>${loginEmailField}</arg>
<arg>@{invalidEmail}[3]</arg>
<status status="NOT RUN" start="2024-06-26T00:48:52.619593" elapsed="0.001014"/>
</kw>
<kw name="Click On Login" owner="login">
<status status="NOT RUN" start="2024-06-26T00:48:52.624592" elapsed="0.000000"/>
</kw>
<kw name="Check error message" owner="helpers">
<arg>${invalidMailError}</arg>
<status status="NOT RUN" start="2024-06-26T00:48:52.625591" elapsed="0.000000"/>
</kw>
<kw name="Change Field Value" owner="helpers">
<arg>${loginEmailField}</arg>
<arg>@{invalidEmail}[4]</arg>
<status status="NOT RUN" start="2024-06-26T00:48:52.625591" elapsed="0.000000"/>
</kw>
<kw name="Click On Login" owner="login">
<status status="NOT RUN" start="2024-06-26T00:48:52.626591" elapsed="0.000000"/>
</kw>
<kw name="Check error message" owner="helpers">
<arg>${invalidMailError}</arg>
<status status="NOT RUN" start="2024-06-26T00:48:52.626591" elapsed="0.001002"/>
</kw>
<kw name="Change Field Value" owner="helpers">
<arg>${loginEmailField}</arg>
<arg>@{invalidEmail}[5]</arg>
<status status="NOT RUN" start="2024-06-26T00:48:52.628590" elapsed="0.000000"/>
</kw>
<kw name="Click On Login" owner="login">
<status status="NOT RUN" start="2024-06-26T00:48:52.629591" elapsed="0.000000"/>
</kw>
<kw name="Check error message" owner="helpers">
<arg>${invalidMailError}</arg>
<status status="NOT RUN" start="2024-06-26T00:48:52.629591" elapsed="0.000000"/>
</kw>
<kw name="Change Field Value" owner="helpers">
<arg>${loginEmailField}</arg>
<arg>@{invalidEmail}[6]</arg>
<status status="NOT RUN" start="2024-06-26T00:48:52.630590" elapsed="0.000000"/>
</kw>
<kw name="Click On Login" owner="login">
<status status="NOT RUN" start="2024-06-26T00:48:52.630590" elapsed="0.000000"/>
</kw>
<kw name="Check error message" owner="helpers">
<arg>${invalidMailError}</arg>
<status status="NOT RUN" start="2024-06-26T00:48:52.631590" elapsed="0.001001"/>
</kw>
<kw name="Change Field Value" owner="helpers">
<arg>${loginEmailField}</arg>
<arg>@{invalidEmail}[7]</arg>
<status status="NOT RUN" start="2024-06-26T00:48:52.643590" elapsed="0.002001"/>
</kw>
<kw name="Click On Login" owner="login">
<status status="NOT RUN" start="2024-06-26T00:48:52.649590" elapsed="0.000000"/>
</kw>
<kw name="Check error message" owner="helpers">
<arg>${invalidMailError}</arg>
<status status="NOT RUN" start="2024-06-26T00:48:52.659590" elapsed="0.002000"/>
</kw>
<kw name="Change Field Value" owner="helpers">
<arg>${loginEmailField}</arg>
<arg>@{invalidEmail}[8]</arg>
<status status="NOT RUN" start="2024-06-26T00:48:52.663591" elapsed="0.000000"/>
</kw>
<kw name="Click On Login" owner="login">
<status status="NOT RUN" start="2024-06-26T00:48:52.664591" elapsed="0.000000"/>
</kw>
<kw name="Check error message" owner="helpers">
<arg>${invalidMailError}</arg>
<status status="NOT RUN" start="2024-06-26T00:48:52.664591" elapsed="0.000000"/>
</kw>
<kw name="Change Field Value" owner="helpers">
<arg>${loginEmailField}</arg>
<arg>@{invalidEmail}[9]</arg>
<status status="NOT RUN" start="2024-06-26T00:48:52.665590" elapsed="0.000000"/>
</kw>
<kw name="Click On Login" owner="login">
<status status="NOT RUN" start="2024-06-26T00:48:52.665590" elapsed="0.001001"/>
</kw>
<kw name="Check error message" owner="helpers">
<arg>${invalidMailError}</arg>
<status status="NOT RUN" start="2024-06-26T00:48:52.667591" elapsed="0.000000"/>
</kw>
<kw name="Change Field Value" owner="helpers">
<arg>${loginEmailField}</arg>
<arg>${invalidEmail}</arg>
<status status="NOT RUN" start="2024-06-26T00:48:52.667591" elapsed="0.000000"/>
</kw>
<kw name="Click On Login" owner="login">
<status status="NOT RUN" start="2024-06-26T00:48:52.668590" elapsed="0.000000"/>
</kw>
<kw name="Check error message" owner="helpers">
<arg>${invalidMailError}</arg>
<status status="NOT RUN" start="2024-06-26T00:48:52.668590" elapsed="0.001002"/>
</kw>
<kw name="End Login Test" owner="common" type="TEARDOWN">
<kw name="Capture screenshot" owner="helpers">
<kw name="Run Keyword If Test Failed" owner="BuiltIn">
<kw name="Capture Page Screenshot" owner="SeleniumLibrary">
<msg time="2024-06-26T00:48:52.677591" level="FAIL">NoSuchWindowException: Message: no such window: target window already closed
from unknown error: web view not found
  (Session info: chrome=126.0.6478.127)
Stacktrace:
	GetHandleVerifier [0x00007FF6912CEEA2+31554]
	(No symbol) [0x00007FF691247ED9]
	(No symbol) [0x00007FF69110872A]
	(No symbol) [0x00007FF6910DD995]
	(No symbol) [0x00007FF6911844D7]
	(No symbol) [0x00007FF69119C051]
	(No symbol) [0x00007FF69117CDD3]
	(No symbol) [0x00007FF69114A33B]
	(No symbol) [0x00007FF69114AED1]
	GetHandleVerifier [0x00007FF6915D8B1D+3217341]
	GetHandleVerifier [0x00007FF691625AE3+3532675]
	GetHandleVerifier [0x00007FF69161B0E0+3489152]
	GetHandleVerifier [0x00007FF69137E776+750614]
	(No symbol) [0x00007FF69125375F]
	(No symbol) [0x00007FF69124EB14]
	(No symbol) [0x00007FF69124ECA2]
	(No symbol) [0x00007FF69123E16F]
	BaseThreadInitThunk [0x00007FF808C97344+20]
	RtlUserThreadStart [0x00007FF80929CC91+33]
</msg>
<arg>../Results/Screenshots/${folderName}/${TEST NAME}-Failed.png</arg>
<doc>Takes a screenshot of the current page and embeds it into a log file.</doc>
<status status="FAIL" start="2024-06-26T00:48:52.675591" elapsed="0.003999">NoSuchWindowException: Message: no such window: target window already closed
from unknown error: web view not found
  (Session info: chrome=126.0.6478.127)
Stacktrace:
	GetHandleVerifier [0x00007FF6912CEEA2+31554]
	(No symbol) [0x00007FF691247ED9]
	(No symbol) [0x00007FF69110872A]
	(No symbol) [0x00007FF6910DD995]
	(No symbol) [0x00007FF6911844D7]
	(No symbol) [0x00007FF69119C051]
	(No symbol) [0x00007FF69117CDD3]
	(No symbol) [0x00007FF69114A33B]
	(No symbol) [0x00007FF69114AED1]
	GetHandleVerifier [0x00007FF6915D8B1D+3217341]
	GetHandleVerifier [0x00007FF691625AE3+3532675]
	GetHandleVerifier [0x00007FF69161B0E0+3489152]
	GetHandleVerifier [0x00007FF69137E776+750614]
	(No symbol) [0x00007FF69125375F]
	(No symbol) [0x00007FF69124EB14]
	(No symbol) [0x00007FF69124ECA2]
	(No symbol) [0x00007FF69123E16F]
	BaseThreadInitThunk [0x00007FF808C97344+20]
	RtlUserThreadStart [0x00007FF80929CC91+33]
</status>
</kw>
<arg>Capture Page Screenshot</arg>
<arg>../Results/Screenshots/${folderName}/${TEST NAME}-Failed.png</arg>
<doc>Runs the given keyword with the given arguments, if the test failed.</doc>
<status status="FAIL" start="2024-06-26T00:48:52.674591" elapsed="0.004999">NoSuchWindowException: Message: no such window: target window already closed
from unknown error: web view not found
  (Session info: chrome=126.0.6478.127)
Stacktrace:
	GetHandleVerifier [0x00007FF6912CEEA2+31554]
	(No symbol) [0x00007FF691247ED9]
	(No symbol) [0x00007FF69110872A]
	(No symbol) [0x00007FF6910DD995]
	(No symbol) [0x00007FF6911844D7]
	(No symbol) [0x00007FF69119C051]
	(No symbol) [0x00007FF69117CDD3]
	(No symbol) [0x00007FF69114A33B]
	(No symbol) [0x00007FF69114AED1]
	GetHandleVerifier [0x00007FF6915D8B1D+3217341]
	GetHandleVerifier [0x00007FF691625AE3+3532675]
	GetHandleVerifier [0x00007FF69161B0E0+3489152]
	GetHandleVerifier [0x00007FF69137E776+750614]
	(No symbol) [0x00007FF69125375F]
	(No symbol) [0x00007FF69124EB14]
	(No symbol) [0x00007FF69124ECA2]
	(No symbol) [0x00007FF69123E16F]
	BaseThreadInitThunk [0x00007FF808C97344+20]
	RtlUserThreadStart [0x00007FF80929CC91+33]
</status>
</kw>
<arg>login</arg>
<status status="FAIL" start="2024-06-26T00:48:52.673606" elapsed="0.005984">NoSuchWindowException: Message: no such window: target window already closed
from unknown error: web view not found
  (Session info: chrome=126.0.6478.127)
Stacktrace:
	GetHandleVerifier [0x00007FF6912CEEA2+31554]
	(No symbol) [0x00007FF691247ED9]
	(No symbol) [0x00007FF69110872A]
	(No symbol) [0x00007FF6910DD995]
	(No symbol) [0x00007FF6911844D7]
	(No symbol) [0x00007FF69119C051]
	(No symbol) [0x00007FF69117CDD3]
	(No symbol) [0x00007FF69114A33B]
	(No symbol) [0x00007FF69114AED1]
	GetHandleVerifier [0x00007FF6915D8B1D+3217341]
	GetHandleVerifier [0x00007FF691625AE3+3532675]
	GetHandleVerifier [0x00007FF69161B0E0+3489152]
	GetHandleVerifier [0x00007FF69137E776+750614]
	(No symbol) [0x00007FF69125375F]
	(No symbol) [0x00007FF69124EB14]
	(No symbol) [0x00007FF69124ECA2]
	(No symbol) [0x00007FF69123E16F]
	BaseThreadInitThunk [0x00007FF808C97344+20]
	RtlUserThreadStart [0x00007FF80929CC91+33]
</status>
</kw>
<kw name="Close Web Browser" owner="helpers">
<kw name="Close Browser" owner="SeleniumLibrary">
<doc>Closes the current browser.</doc>
<status status="PASS" start="2024-06-26T00:48:52.680591" elapsed="2.122516"/>
</kw>
<status status="PASS" start="2024-06-26T00:48:52.680591" elapsed="2.123378"/>
</kw>
<status status="FAIL" start="2024-06-26T00:48:52.670610" elapsed="2.133359">NoSuchWindowException: Message: no such window: target window already closed
from unknown error: web view not found
  (Session info: chrome=126.0.6478.127)
Stacktrace:
	GetHandleVerifier [0x00007FF6912CEEA2+31554]
	(No symbol) [0x00007FF691247ED9]
	(No symbol) [0x00007FF69110872A]
	(No symbol) [0x00007FF6910DD995]
	(No symbol) [0x00007FF6911844D7]
	(No symbol) [0x00007FF69119C051]
	(No symbol) [0x00007FF69117CDD3]
	(No symbol) [0x00007FF69114A33B]
	(No symbol) [0x00007FF69114AED1]
	GetHandleVerifier [0x00007FF6915D8B1D+3217341]
	GetHandleVerifier [0x00007FF691625AE3+3532675]
	GetHandleVerifier [0x00007FF69161B0E0+3489152]
	GetHandleVerifier [0x00007FF69137E776+750614]
	(No symbol) [0x00007FF69125375F]
	(No symbol) [0x00007FF69124EB14]
	(No symbol) [0x00007FF69124ECA2]
	(No symbol) [0x00007FF69123E16F]
	BaseThreadInitThunk [0x00007FF808C97344+20]
	RtlUserThreadStart [0x00007FF80929CC91+33]
</status>
</kw>
<doc>Login with invalid format for email address</doc>
<status status="FAIL" start="2024-06-26T00:48:48.564945" elapsed="6.240053">Value of variable '@{words}[0]' is not list or list-like.

Also teardown failed:
NoSuchWindowException: Message: no such window: target window already closed
from unknown error: web view not found
  (Session info: chrome=126.0.6478.127)
Stacktrace:
	GetHandleVerifier [0x00007FF6912CEEA2+31554]
	(No symbol) [0x00007FF691247ED9]
	(No symbol) [0x00007FF69110872A]
	(No symbol) [0x00007FF6910DD995]
	(No symbol) [0x00007FF6911844D7]
	(No symbol) [0x00007FF69119C051]
	(No symbol) [0x00007FF69117CDD3]
	(No symbol) [0x00007FF69114A33B]
	(No symbol) [0x00007FF69114AED1]
	GetHandleVerifier [0x00007FF6915D8B1D+3217341]
	GetHandleVerifier [0x00007FF691625AE3+3532675]
	GetHandleVerifier [0x00007FF69161B0E0+3489152]
	GetHandleVerifier [0x00007FF69137E776+750614]
	(No symbol) [0x00007FF69125375F]
	(No symbol) [0x00007FF69124EB14]
	(No symbol) [0x00007FF69124ECA2]
	(No symbol) [0x00007FF69123E16F]
	BaseThreadInitThunk [0x00007FF808C97344+20]
	RtlUserThreadStart [0x00007FF80929CC91+33]
</status>
</test>
<test id="s1-s2-t7" name="Verify not accepting invalid format for password field value" line="100">
<kw name="Begin Login Test" owner="common" type="SETUP">
<kw name="Open Web Browser" owner="helpers">
<kw name="Open Browser" owner="SeleniumLibrary">
<msg time="2024-06-26T00:48:54.809968" level="INFO">Opening browser 'chrome' to base url 'https://www.phptravels.net/login'.</msg>
<arg>${url}</arg>
<arg>${BROWSER}</arg>
<doc>Opens a new browser instance to the optional ``url``.</doc>
<status status="PASS" start="2024-06-26T00:48:54.809968" elapsed="2.722005"/>
</kw>
<kw name="Maximize Browser Window" owner="SeleniumLibrary">
<msg time="2024-06-26T00:48:57.535972" level="FAIL">NoSuchWindowException: Message: no such window: target window already closed
from unknown error: web view not found
  (Session info: chrome=126.0.6478.127)
Stacktrace:
	GetHandleVerifier [0x00007FF6912CEEA2+31554]
	(No symbol) [0x00007FF691247ED9]
	(No symbol) [0x00007FF69110872A]
	(No symbol) [0x00007FF6910DD995]
	(No symbol) [0x00007FF6911844D7]
	(No symbol) [0x00007FF69119C051]
	(No symbol) [0x00007FF69117CDD3]
	(No symbol) [0x00007FF69114A33B]
	(No symbol) [0x00007FF69114AED1]
	GetHandleVerifier [0x00007FF6915D8B1D+3217341]
	GetHandleVerifier [0x00007FF691625AE3+3532675]
	GetHandleVerifier [0x00007FF69161B0E0+3489152]
	GetHandleVerifier [0x00007FF69137E776+750614]
	(No symbol) [0x00007FF69125375F]
	(No symbol) [0x00007FF69124EB14]
	(No symbol) [0x00007FF69124ECA2]
	(No symbol) [0x00007FF69123E16F]
	BaseThreadInitThunk [0x00007FF808C97344+20]
	RtlUserThreadStart [0x00007FF80929CC91+33]
</msg>
<doc>Maximizes current browser window.</doc>
<status status="FAIL" start="2024-06-26T00:48:57.532972" elapsed="0.004998">NoSuchWindowException: Message: no such window: target window already closed
from unknown error: web view not found
  (Session info: chrome=126.0.6478.127)
Stacktrace:
	GetHandleVerifier [0x00007FF6912CEEA2+31554]
	(No symbol) [0x00007FF691247ED9]
	(No symbol) [0x00007FF69110872A]
	(No symbol) [0x00007FF6910DD995]
	(No symbol) [0x00007FF6911844D7]
	(No symbol) [0x00007FF69119C051]
	(No symbol) [0x00007FF69117CDD3]
	(No symbol) [0x00007FF69114A33B]
	(No symbol) [0x00007FF69114AED1]
	GetHandleVerifier [0x00007FF6915D8B1D+3217341]
	GetHandleVerifier [0x00007FF691625AE3+3532675]
	GetHandleVerifier [0x00007FF69161B0E0+3489152]
	GetHandleVerifier [0x00007FF69137E776+750614]
	(No symbol) [0x00007FF69125375F]
	(No symbol) [0x00007FF69124EB14]
	(No symbol) [0x00007FF69124ECA2]
	(No symbol) [0x00007FF69123E16F]
	BaseThreadInitThunk [0x00007FF808C97344+20]
	RtlUserThreadStart [0x00007FF80929CC91+33]
</status>
</kw>
<arg>${loginPage}</arg>
<status status="FAIL" start="2024-06-26T00:48:54.808970" elapsed="2.729000">NoSuchWindowException: Message: no such window: target window already closed
from unknown error: web view not found
  (Session info: chrome=126.0.6478.127)
Stacktrace:
	GetHandleVerifier [0x00007FF6912CEEA2+31554]
	(No symbol) [0x00007FF691247ED9]
	(No symbol) [0x00007FF69110872A]
	(No symbol) [0x00007FF6910DD995]
	(No symbol) [0x00007FF6911844D7]
	(No symbol) [0x00007FF69119C051]
	(No symbol) [0x00007FF69117CDD3]
	(No symbol) [0x00007FF69114A33B]
	(No symbol) [0x00007FF69114AED1]
	GetHandleVerifier [0x00007FF6915D8B1D+3217341]
	GetHandleVerifier [0x00007FF691625AE3+3532675]
	GetHandleVerifier [0x00007FF69161B0E0+3489152]
	GetHandleVerifier [0x00007FF69137E776+750614]
	(No symbol) [0x00007FF69125375F]
	(No symbol) [0x00007FF69124EB14]
	(No symbol) [0x00007FF69124ECA2]
	(No symbol) [0x00007FF69123E16F]
	BaseThreadInitThunk [0x00007FF808C97344+20]
	RtlUserThreadStart [0x00007FF80929CC91+33]
</status>
</kw>
<status status="FAIL" start="2024-06-26T00:48:54.808970" elapsed="2.729000">NoSuchWindowException: Message: no such window: target window already closed
from unknown error: web view not found
  (Session info: chrome=126.0.6478.127)
Stacktrace:
	GetHandleVerifier [0x00007FF6912CEEA2+31554]
	(No symbol) [0x00007FF691247ED9]
	(No symbol) [0x00007FF69110872A]
	(No symbol) [0x00007FF6910DD995]
	(No symbol) [0x00007FF6911844D7]
	(No symbol) [0x00007FF69119C051]
	(No symbol) [0x00007FF69117CDD3]
	(No symbol) [0x00007FF69114A33B]
	(No symbol) [0x00007FF69114AED1]
	GetHandleVerifier [0x00007FF6915D8B1D+3217341]
	GetHandleVerifier [0x00007FF691625AE3+3532675]
	GetHandleVerifier [0x00007FF69161B0E0+3489152]
	GetHandleVerifier [0x00007FF69137E776+750614]
	(No symbol) [0x00007FF69125375F]
	(No symbol) [0x00007FF69124EB14]
	(No symbol) [0x00007FF69124ECA2]
	(No symbol) [0x00007FF69123E16F]
	BaseThreadInitThunk [0x00007FF808C97344+20]
	RtlUserThreadStart [0x00007FF80929CC91+33]
</status>
</kw>
<kw name="End Login Test" owner="common" type="TEARDOWN">
<kw name="Capture screenshot" owner="helpers">
<kw name="Run Keyword If Test Failed" owner="BuiltIn">
<kw name="Capture Page Screenshot" owner="SeleniumLibrary">
<msg time="2024-06-26T00:48:57.589971" level="FAIL">NoSuchWindowException: Message: no such window: target window already closed
from unknown error: web view not found
  (Session info: chrome=126.0.6478.127)
Stacktrace:
	GetHandleVerifier [0x00007FF6912CEEA2+31554]
	(No symbol) [0x00007FF691247ED9]
	(No symbol) [0x00007FF69110872A]
	(No symbol) [0x00007FF6910DD995]
	(No symbol) [0x00007FF6911844D7]
	(No symbol) [0x00007FF69119C051]
	(No symbol) [0x00007FF69117CDD3]
	(No symbol) [0x00007FF69114A33B]
	(No symbol) [0x00007FF69114AED1]
	GetHandleVerifier [0x00007FF6915D8B1D+3217341]
	GetHandleVerifier [0x00007FF691625AE3+3532675]
	GetHandleVerifier [0x00007FF69161B0E0+3489152]
	GetHandleVerifier [0x00007FF69137E776+750614]
	(No symbol) [0x00007FF69125375F]
	(No symbol) [0x00007FF69124EB14]
	(No symbol) [0x00007FF69124ECA2]
	(No symbol) [0x00007FF69123E16F]
	BaseThreadInitThunk [0x00007FF808C97344+20]
	RtlUserThreadStart [0x00007FF80929CC91+33]
</msg>
<arg>../Results/Screenshots/${folderName}/${TEST NAME}-Failed.png</arg>
<doc>Takes a screenshot of the current page and embeds it into a log file.</doc>
<status status="FAIL" start="2024-06-26T00:48:57.577970" elapsed="0.013002">NoSuchWindowException: Message: no such window: target window already closed
from unknown error: web view not found
  (Session info: chrome=126.0.6478.127)
Stacktrace:
	GetHandleVerifier [0x00007FF6912CEEA2+31554]
	(No symbol) [0x00007FF691247ED9]
	(No symbol) [0x00007FF69110872A]
	(No symbol) [0x00007FF6910DD995]
	(No symbol) [0x00007FF6911844D7]
	(No symbol) [0x00007FF69119C051]
	(No symbol) [0x00007FF69117CDD3]
	(No symbol) [0x00007FF69114A33B]
	(No symbol) [0x00007FF69114AED1]
	GetHandleVerifier [0x00007FF6915D8B1D+3217341]
	GetHandleVerifier [0x00007FF691625AE3+3532675]
	GetHandleVerifier [0x00007FF69161B0E0+3489152]
	GetHandleVerifier [0x00007FF69137E776+750614]
	(No symbol) [0x00007FF69125375F]
	(No symbol) [0x00007FF69124EB14]
	(No symbol) [0x00007FF69124ECA2]
	(No symbol) [0x00007FF69123E16F]
	BaseThreadInitThunk [0x00007FF808C97344+20]
	RtlUserThreadStart [0x00007FF80929CC91+33]
</status>
</kw>
<arg>Capture Page Screenshot</arg>
<arg>../Results/Screenshots/${folderName}/${TEST NAME}-Failed.png</arg>
<doc>Runs the given keyword with the given arguments, if the test failed.</doc>
<status status="FAIL" start="2024-06-26T00:48:57.576971" elapsed="0.014001">NoSuchWindowException: Message: no such window: target window already closed
from unknown error: web view not found
  (Session info: chrome=126.0.6478.127)
Stacktrace:
	GetHandleVerifier [0x00007FF6912CEEA2+31554]
	(No symbol) [0x00007FF691247ED9]
	(No symbol) [0x00007FF69110872A]
	(No symbol) [0x00007FF6910DD995]
	(No symbol) [0x00007FF6911844D7]
	(No symbol) [0x00007FF69119C051]
	(No symbol) [0x00007FF69117CDD3]
	(No symbol) [0x00007FF69114A33B]
	(No symbol) [0x00007FF69114AED1]
	GetHandleVerifier [0x00007FF6915D8B1D+3217341]
	GetHandleVerifier [0x00007FF691625AE3+3532675]
	GetHandleVerifier [0x00007FF69161B0E0+3489152]
	GetHandleVerifier [0x00007FF69137E776+750614]
	(No symbol) [0x00007FF69125375F]
	(No symbol) [0x00007FF69124EB14]
	(No symbol) [0x00007FF69124ECA2]
	(No symbol) [0x00007FF69123E16F]
	BaseThreadInitThunk [0x00007FF808C97344+20]
	RtlUserThreadStart [0x00007FF80929CC91+33]
</status>
</kw>
<arg>login</arg>
<status status="FAIL" start="2024-06-26T00:48:57.576971" elapsed="0.014001">NoSuchWindowException: Message: no such window: target window already closed
from unknown error: web view not found
  (Session info: chrome=126.0.6478.127)
Stacktrace:
	GetHandleVerifier [0x00007FF6912CEEA2+31554]
	(No symbol) [0x00007FF691247ED9]
	(No symbol) [0x00007FF69110872A]
	(No symbol) [0x00007FF6910DD995]
	(No symbol) [0x00007FF6911844D7]
	(No symbol) [0x00007FF69119C051]
	(No symbol) [0x00007FF69117CDD3]
	(No symbol) [0x00007FF69114A33B]
	(No symbol) [0x00007FF69114AED1]
	GetHandleVerifier [0x00007FF6915D8B1D+3217341]
	GetHandleVerifier [0x00007FF691625AE3+3532675]
	GetHandleVerifier [0x00007FF69161B0E0+3489152]
	GetHandleVerifier [0x00007FF69137E776+750614]
	(No symbol) [0x00007FF69125375F]
	(No symbol) [0x00007FF69124EB14]
	(No symbol) [0x00007FF69124ECA2]
	(No symbol) [0x00007FF69123E16F]
	BaseThreadInitThunk [0x00007FF808C97344+20]
	RtlUserThreadStart [0x00007FF80929CC91+33]
</status>
</kw>
<kw name="Close Web Browser" owner="helpers">
<kw name="Close Browser" owner="SeleniumLibrary">
<doc>Closes the current browser.</doc>
<status status="PASS" start="2024-06-26T00:48:57.592973" elapsed="2.155822"/>
</kw>
<status status="PASS" start="2024-06-26T00:48:57.591971" elapsed="2.157683"/>
</kw>
<status status="FAIL" start="2024-06-26T00:48:57.575970" elapsed="2.173684">NoSuchWindowException: Message: no such window: target window already closed
from unknown error: web view not found
  (Session info: chrome=126.0.6478.127)
Stacktrace:
	GetHandleVerifier [0x00007FF6912CEEA2+31554]
	(No symbol) [0x00007FF691247ED9]
	(No symbol) [0x00007FF69110872A]
	(No symbol) [0x00007FF6910DD995]
	(No symbol) [0x00007FF6911844D7]
	(No symbol) [0x00007FF69119C051]
	(No symbol) [0x00007FF69117CDD3]
	(No symbol) [0x00007FF69114A33B]
	(No symbol) [0x00007FF69114AED1]
	GetHandleVerifier [0x00007FF6915D8B1D+3217341]
	GetHandleVerifier [0x00007FF691625AE3+3532675]
	GetHandleVerifier [0x00007FF69161B0E0+3489152]
	GetHandleVerifier [0x00007FF69137E776+750614]
	(No symbol) [0x00007FF69125375F]
	(No symbol) [0x00007FF69124EB14]
	(No symbol) [0x00007FF69124ECA2]
	(No symbol) [0x00007FF69123E16F]
	BaseThreadInitThunk [0x00007FF808C97344+20]
	RtlUserThreadStart [0x00007FF80929CC91+33]
</status>
</kw>
<doc>Login with invalid password field</doc>
<status status="FAIL" start="2024-06-26T00:48:54.807967" elapsed="4.942697">Setup failed:
NoSuchWindowException: Message: no such window: target window already closed
from unknown error: web view not found
  (Session info: chrome=126.0.6478.127)
Stacktrace:
	GetHandleVerifier [0x00007FF6912CEEA2+31554]
	(No symbol) [0x00007FF691247ED9]
	(No symbol) [0x00007FF69110872A]
	(No symbol) [0x00007FF6910DD995]
	(No symbol) [0x00007FF6911844D7]
	(No symbol) [0x00007FF69119C051]
	(No symbol) [0x00007FF69117CDD3]
	(No symbol) [0x00007FF69114A33B]
	(No symbol) [0x00007FF69114AED1]
	GetHandleVerifier [0x00007FF6915D8B1D+3217341]
	GetHandleVerifier [0x00007FF691625AE3+3532675]
	GetHandleVerifier [0x00007FF69161B0E0+3489152]
	GetHandleVerifier [0x00007FF69137E776+750614]
	(No symbol) [0x00007FF69125375F]
	(No symbol) [0x00007FF69124EB14]
	(No symbol) [0x00007FF69124ECA2]
	(No symbol) [0x00007FF69123E16F]
	BaseThreadInitThunk [0x00007FF808C97344+20]
	RtlUserThreadStart [0x00007FF80929CC91+33]


Also teardown failed:
NoSuchWindowException: Message: no such window: target window already closed
from unknown error: web view not found
  (Session info: chrome=126.0.6478.127)
Stacktrace:
	GetHandleVerifier [0x00007FF6912CEEA2+31554]
	(No symbol) [0x00007FF691247ED9]
	(No symbol) [0x00007FF69110872A]
	(No symbol) [0x00007FF6910DD995]
	(No symbol) [0x00007FF6911844D7]
	(No symbol) [0x00007FF69119C051]
	(No symbol) [0x00007FF69117CDD3]
	(No symbol) [0x00007FF69114A33B]
	(No symbol) [0x00007FF69114AED1]
	GetHandleVerifier [0x00007FF6915D8B1D+3217341]
	GetHandleVerifier [0x00007FF691625AE3+3532675]
	GetHandleVerifier [0x00007FF69161B0E0+3489152]
	GetHandleVerifier [0x00007FF69137E776+750614]
	(No symbol) [0x00007FF69125375F]
	(No symbol) [0x00007FF69124EB14]
	(No symbol) [0x00007FF69124ECA2]
	(No symbol) [0x00007FF69123E16F]
	BaseThreadInitThunk [0x00007FF808C97344+20]
	RtlUserThreadStart [0x00007FF80929CC91+33]
</status>
</test>
<test id="s1-s2-t8" name="Verify not accepting less than 6 characters for password field value" line="122">
<kw name="Begin Login Test" owner="common" type="SETUP">
<kw name="Open Web Browser" owner="helpers">
<kw name="Open Browser" owner="SeleniumLibrary">
<msg time="2024-06-26T00:48:59.757651" level="INFO">Opening browser 'chrome' to base url 'https://www.phptravels.net/login'.</msg>
<arg>${url}</arg>
<arg>${BROWSER}</arg>
<doc>Opens a new browser instance to the optional ``url``.</doc>
<status status="PASS" start="2024-06-26T00:48:59.756672" elapsed="4.338205"/>
</kw>
<kw name="Maximize Browser Window" owner="SeleniumLibrary">
<doc>Maximizes current browser window.</doc>
<status status="PASS" start="2024-06-26T00:49:04.095877" elapsed="0.067000"/>
</kw>
<arg>${loginPage}</arg>
<status status="PASS" start="2024-06-26T00:48:59.756672" elapsed="4.406205"/>
</kw>
<status status="PASS" start="2024-06-26T00:48:59.755672" elapsed="4.407205"/>
</kw>
<kw name="Input Login Form Fields" owner="login">
<msg time="2024-06-26T00:49:04.165876" level="FAIL">Value of variable '@{invalidPassword}[1]' is not list or list-like.</msg>
<arg>${validEmail}</arg>
<arg>@{invalidPassword}[1]</arg>
<status status="FAIL" start="2024-06-26T00:49:04.164877" elapsed="0.003001">Value of variable '@{invalidPassword}[1]' is not list or list-like.</status>
</kw>
<kw name="Click On Login" owner="login">
<status status="NOT RUN" start="2024-06-26T00:49:04.169876" elapsed="0.001000"/>
</kw>
<kw name="Check error message" owner="helpers">
<arg>${shortPasswordError}</arg>
<status status="NOT RUN" start="2024-06-26T00:49:04.170876" elapsed="0.001004"/>
</kw>
<kw name="Change Field Value" owner="helpers">
<arg>${passwordField}</arg>
<arg>@{invalidPassword}[2]</arg>
<status status="NOT RUN" start="2024-06-26T00:49:04.172878" elapsed="0.000000"/>
</kw>
<kw name="Click On Login" owner="login">
<status status="NOT RUN" start="2024-06-26T00:49:04.172878" elapsed="0.000000"/>
</kw>
<kw name="Check error message" owner="helpers">
<arg>${shortPasswordError}</arg>
<status status="NOT RUN" start="2024-06-26T00:49:04.173878" elapsed="0.000000"/>
</kw>
<kw name="Change Field Value" owner="helpers">
<arg>${passwordField}</arg>
<arg>@{invalidPassword}[3]</arg>
<status status="NOT RUN" start="2024-06-26T00:49:04.173878" elapsed="0.000998"/>
</kw>
<kw name="Click On Login" owner="login">
<status status="NOT RUN" start="2024-06-26T00:49:04.174876" elapsed="0.000000"/>
</kw>
<kw name="Check error message" owner="helpers">
<arg>${shortPasswordError}</arg>
<status status="NOT RUN" start="2024-06-26T00:49:04.175877" elapsed="0.000000"/>
</kw>
<kw name="End Login Test" owner="common" type="TEARDOWN">
<kw name="Capture screenshot" owner="helpers">
<kw name="Run Keyword If Test Failed" owner="BuiltIn">
<kw name="Capture Page Screenshot" owner="SeleniumLibrary">
<msg time="2024-06-26T00:49:04.468876" level="INFO" html="true">&lt;/td&gt;&lt;/tr&gt;&lt;tr&gt;&lt;td colspan="3"&gt;&lt;a href="../Results/Screenshots/login/Verify%20not%20accepting%20less%20than%206%20characters%20for%20password%20field%20value-Failed.png"&gt;&lt;img src="../Results/Screenshots/login/Verify%20not%20accepting%20less%20than%206%20characters%20for%20password%20field%20value-Failed.png" width="800px"&gt;&lt;/a&gt;</msg>
<arg>../Results/Screenshots/${folderName}/${TEST NAME}-Failed.png</arg>
<doc>Takes a screenshot of the current page and embeds it into a log file.</doc>
<status status="PASS" start="2024-06-26T00:49:04.178878" elapsed="0.289998"/>
</kw>
<arg>Capture Page Screenshot</arg>
<arg>../Results/Screenshots/${folderName}/${TEST NAME}-Failed.png</arg>
<doc>Runs the given keyword with the given arguments, if the test failed.</doc>
<status status="PASS" start="2024-06-26T00:49:04.177876" elapsed="0.291000"/>
</kw>
<arg>login</arg>
<status status="PASS" start="2024-06-26T00:49:04.176877" elapsed="0.291999"/>
</kw>
<kw name="Close Web Browser" owner="helpers">
<kw name="Close Browser" owner="SeleniumLibrary">
<doc>Closes the current browser.</doc>
<status status="PASS" start="2024-06-26T00:49:04.469876" elapsed="2.146399"/>
</kw>
<status status="PASS" start="2024-06-26T00:49:04.469876" elapsed="2.146399"/>
</kw>
<status status="PASS" start="2024-06-26T00:49:04.176877" elapsed="2.439398"/>
</kw>
<doc>Login with short length password field</doc>
<status status="FAIL" start="2024-06-26T00:48:59.755672" elapsed="6.861521">Value of variable '@{invalidPassword}[1]' is not list or list-like.</status>
</test>
<test id="s1-s2-t9" name="Verify checking Remember me keeps user logged in" line="136">
<kw name="Begin Login Test" owner="common" type="SETUP">
<kw name="Open Web Browser" owner="helpers">
<kw name="Open Browser" owner="SeleniumLibrary">
<msg time="2024-06-26T00:49:06.621195" level="INFO">Opening browser 'chrome' to base url 'https://www.phptravels.net/login'.</msg>
<arg>${url}</arg>
<arg>${BROWSER}</arg>
<doc>Opens a new browser instance to the optional ``url``.</doc>
<status status="PASS" start="2024-06-26T00:49:06.621195" elapsed="2.558161"/>
</kw>
<kw name="Maximize Browser Window" owner="SeleniumLibrary">
<doc>Maximizes current browser window.</doc>
<status status="PASS" start="2024-06-26T00:49:09.180353" elapsed="1.655687"/>
</kw>
<arg>${loginPage}</arg>
<status status="PASS" start="2024-06-26T00:49:06.620194" elapsed="4.215846"/>
</kw>
<status status="PASS" start="2024-06-26T00:49:06.620194" elapsed="4.215846"/>
</kw>
<kw name="Input Login Form Fields" owner="login">
<msg time="2024-06-26T00:49:10.837040" level="FAIL">Value of variable '@{validPassword}[0]' is not list or list-like.</msg>
<arg>${validEmail}</arg>
<arg>@{validPassword}[0]</arg>
<status status="FAIL" start="2024-06-26T00:49:10.837040" elapsed="0.001000">Value of variable '@{validPassword}[0]' is not list or list-like.</status>
</kw>
<kw name="Check &quot;Remember Me&quot;" owner="login">
<status status="NOT RUN" start="2024-06-26T00:49:10.838040" elapsed="0.000000"/>
</kw>
<kw name="Click On Login" owner="login">
<status status="NOT RUN" start="2024-06-26T00:49:10.839040" elapsed="0.000000"/>
</kw>
<kw name="Close Web Browser" owner="helpers">
<status status="NOT RUN" start="2024-06-26T00:49:10.839040" elapsed="0.000000"/>
</kw>
<kw name="Open Web Browser" owner="helpers">
<arg>${loginPage}</arg>
<status status="NOT RUN" start="2024-06-26T00:49:10.839040" elapsed="0.000999"/>
</kw>
<kw name="Check Current URL" owner="helpers">
<arg>${accountPage}</arg>
<status status="NOT RUN" start="2024-06-26T00:49:10.840039" elapsed="0.000000"/>
</kw>
<kw name="End Login Test" owner="common" type="TEARDOWN">
<kw name="Capture screenshot" owner="helpers">
<kw name="Run Keyword If Test Failed" owner="BuiltIn">
<kw name="Capture Page Screenshot" owner="SeleniumLibrary">
<msg time="2024-06-26T00:49:11.053043" level="INFO" html="true">&lt;/td&gt;&lt;/tr&gt;&lt;tr&gt;&lt;td colspan="3"&gt;&lt;a href="../Results/Screenshots/login/Verify%20checking%20Remember%20me%20keeps%20user%20logged%20in-Failed.png"&gt;&lt;img src="../Results/Screenshots/login/Verify%20checking%20Remember%20me%20keeps%20user%20logged%20in-Failed.png" width="800px"&gt;&lt;/a&gt;</msg>
<arg>../Results/Screenshots/${folderName}/${TEST NAME}-Failed.png</arg>
<doc>Takes a screenshot of the current page and embeds it into a log file.</doc>
<status status="PASS" start="2024-06-26T00:49:10.842038" elapsed="0.211005"/>
</kw>
<arg>Capture Page Screenshot</arg>
<arg>../Results/Screenshots/${folderName}/${TEST NAME}-Failed.png</arg>
<doc>Runs the given keyword with the given arguments, if the test failed.</doc>
<status status="PASS" start="2024-06-26T00:49:10.841038" elapsed="0.212005"/>
</kw>
<arg>login</arg>
<status status="PASS" start="2024-06-26T00:49:10.841038" elapsed="0.212005"/>
</kw>
<kw name="Close Web Browser" owner="helpers">
<kw name="Close Browser" owner="SeleniumLibrary">
<doc>Closes the current browser.</doc>
<status status="PASS" start="2024-06-26T00:49:11.054040" elapsed="2.243720"/>
</kw>
<status status="PASS" start="2024-06-26T00:49:11.053043" elapsed="2.245566"/>
</kw>
<status status="PASS" start="2024-06-26T00:49:10.841038" elapsed="2.457571"/>
</kw>
<doc>Login with valid email and password and checking Remember me checkbox and navigating to login page should redirect user to his account page</doc>
<status status="FAIL" start="2024-06-26T00:49:06.619197" elapsed="6.679412">Value of variable '@{validPassword}[0]' is not list or list-like.</status>
</test>
<doc>Login Test Suite</doc>
<status status="FAIL" start="2024-06-26T00:48:13.691348" elapsed="59.610283"/>
</suite>
<status status="FAIL" start="2024-06-26T00:46:27.952005" elapsed="165.351601"/>
</suite>
<statistics>
<total>
<stat pass="0" fail="21" skip="0">All Tests</stat>
</total>
<tag>
<stat pass="0" fail="2" skip="0">Smoke</stat>
</tag>
<suite>
<stat pass="0" fail="21" skip="0" id="s1" name="Tests">Tests</stat>
<stat pass="0" fail="12" skip="0" id="s1-s1" name="Suite1-register">Tests.Suite1-register</stat>
<stat pass="0" fail="9" skip="0" id="s1-s2" name="Suite2-login">Tests.Suite2-login</stat>
</suite>
</statistics>
<errors>
</errors>
</robot>
